{"D:\\Code\\hockey-tracker\\client\\src\\components\\Breadcrumbs\\Breadcrumbs.tsx": {"path":"D:\\Code\\hockey-tracker\\client\\src\\components\\Breadcrumbs\\Breadcrumbs.tsx","statementMap":{"0":{"start":{"line":14,"column":20},"end":{"line":50,"column":1}},"1":{"start":{"line":15,"column":19},"end":{"line":15,"column":32}},"2":{"start":{"line":17,"column":2},"end":{"line":49,"column":4}},"3":{"start":{"line":23,"column":23},"end":{"line":23,"column":49}},"4":{"start":{"line":24,"column":8},"end":{"line":46,"column":10}},"5":{"start":{"line":38,"column":31},"end":{"line":38,"column":51}}},"fnMap":{"0":{"name":"(anonymous_0)","decl":{"start":{"line":14,"column":20},"end":{"line":14,"column":21}},"loc":{"start":{"line":14,"column":53},"end":{"line":50,"column":1}},"line":14},"1":{"name":"(anonymous_1)","decl":{"start":{"line":22,"column":17},"end":{"line":22,"column":18}},"loc":{"start":{"line":22,"column":34},"end":{"line":47,"column":7}},"line":22},"2":{"name":"(anonymous_2)","decl":{"start":{"line":38,"column":25},"end":{"line":38,"column":26}},"loc":{"start":{"line":38,"column":31},"end":{"line":38,"column":51}},"line":38}},"branchMap":{"0":{"loc":{"start":{"line":29,"column":13},"end":{"line":34,"column":13}},"type":"binary-expr","locations":[{"start":{"line":29,"column":13},"end":{"line":29,"column":22}},{"start":{"line":30,"column":14},"end":{"line":33,"column":16}}],"line":29},"1":{"loc":{"start":{"line":35,"column":13},"end":{"line":44,"column":13}},"type":"cond-expr","locations":[{"start":{"line":36,"column":14},"end":{"line":41,"column":23}},{"start":{"line":43,"column":14},"end":{"line":43,"column":90}}],"line":35},"2":{"loc":{"start":{"line":35,"column":13},"end":{"line":35,"column":33}},"type":"binary-expr","locations":[{"start":{"line":35,"column":13},"end":{"line":35,"column":20}},{"start":{"line":35,"column":24},"end":{"line":35,"column":33}}],"line":35},"3":{"loc":{"start":{"line":43,"column":31},"end":{"line":43,"column":69}},"type":"cond-expr","locations":[{"start":{"line":43,"column":40},"end":{"line":43,"column":54}},{"start":{"line":43,"column":57},"end":{"line":43,"column":69}}],"line":43}},"s":{"0":2,"1":30,"2":30,"3":58,"4":58,"5":1},"f":{"0":30,"1":58,"2":1},"b":{"0":[58,28],"1":[27,31],"2":[58,28],"3":[30,1]},"_coverageSchema":"1a1c01bbd47fc00a2c39e90264f33305004495a9","hash":"0c4da2624042ca3cc44e005a93b83be5b810650e"}
,"D:\\Code\\hockey-tracker\\client\\src\\components\\Button\\Button.tsx": {"path":"D:\\Code\\hockey-tracker\\client\\src\\components\\Button\\Button.tsx","statementMap":{"0":{"start":{"line":28,"column":76},"end":{"line":47,"column":1}},"1":{"start":{"line":49,"column":41},"end":{"line":53,"column":1}},"2":{"start":{"line":64,"column":15},"end":{"line":113,"column":1}},"3":{"start":{"line":76,"column":21},"end":{"line":76,"column":40}},"4":{"start":{"line":78,"column":14},"end":{"line":84,"column":3}},"5":{"start":{"line":87,"column":4},"end":{"line":98,"column":13}},"6":{"start":{"line":101,"column":2},"end":{"line":110,"column":3}},"7":{"start":{"line":102,"column":4},"end":{"line":109,"column":6}},"8":{"start":{"line":112,"column":2},"end":{"line":112,"column":13}}},"fnMap":{"0":{"name":"(anonymous_0)","decl":{"start":{"line":64,"column":15},"end":{"line":64,"column":16}},"loc":{"start":{"line":75,"column":19},"end":{"line":113,"column":1}},"line":75}},"branchMap":{"0":{"loc":{"start":{"line":65,"column":2},"end":{"line":65,"column":20}},"type":"default-arg","locations":[{"start":{"line":65,"column":12},"end":{"line":65,"column":20}}],"line":65},"1":{"loc":{"start":{"line":66,"column":2},"end":{"line":66,"column":19}},"type":"default-arg","locations":[{"start":{"line":66,"column":11},"end":{"line":66,"column":19}}],"line":66},"2":{"loc":{"start":{"line":67,"column":2},"end":{"line":67,"column":13}},"type":"default-arg","locations":[{"start":{"line":67,"column":9},"end":{"line":67,"column":13}}],"line":67},"3":{"loc":{"start":{"line":73,"column":2},"end":{"line":73,"column":16}},"type":"default-arg","locations":[{"start":{"line":73,"column":14},"end":{"line":73,"column":16}}],"line":73},"4":{"loc":{"start":{"line":76,"column":21},"end":{"line":76,"column":40}},"type":"binary-expr","locations":[{"start":{"line":76,"column":21},"end":{"line":76,"column":27}},{"start":{"line":76,"column":31},"end":{"line":76,"column":40}}],"line":76},"5":{"loc":{"start":{"line":82,"column":4},"end":{"line":82,"column":33}},"type":"binary-expr","locations":[{"start":{"line":82,"column":4},"end":{"line":82,"column":14}},{"start":{"line":82,"column":18},"end":{"line":82,"column":33}}],"line":82},"6":{"loc":{"start":{"line":91,"column":7},"end":{"line":96,"column":7}},"type":"binary-expr","locations":[{"start":{"line":91,"column":7},"end":{"line":91,"column":11}},{"start":{"line":92,"column":8},"end":{"line":95,"column":10}}],"line":91},"7":{"loc":{"start":{"line":101,"column":2},"end":{"line":110,"column":3}},"type":"if","locations":[{"start":{"line":101,"column":2},"end":{"line":110,"column":3}},{"start":{},"end":{}}],"line":101}},"s":{"0":6,"1":6,"2":6,"3":132,"4":132,"5":132,"6":132,"7":35,"8":97},"f":{"0":132},"b":{"0":[68],"1":[58],"2":[89],"3":[95],"4":[132,85],"5":[132,53],"6":[132,85],"7":[35,97]},"_coverageSchema":"1a1c01bbd47fc00a2c39e90264f33305004495a9","hash":"e804f0c9fc6a8be773a80ca5756a1b968a1a89fc"}
,"D:\\Code\\hockey-tracker\\client\\src\\components\\Card\\Card.tsx": {"path":"D:\\Code\\hockey-tracker\\client\\src\\components\\Card\\Card.tsx","statementMap":{"0":{"start":{"line":17,"column":13},"end":{"line":44,"column":1}},"1":{"start":{"line":25,"column":18},"end":{"line":31,"column":14}},"2":{"start":{"line":33,"column":2},"end":{"line":43,"column":4}}},"fnMap":{"0":{"name":"(anonymous_0)","decl":{"start":{"line":17,"column":13},"end":{"line":17,"column":14}},"loc":{"start":{"line":24,"column":17},"end":{"line":44,"column":1}},"line":24}},"branchMap":{"0":{"loc":{"start":{"line":18,"column":2},"end":{"line":18,"column":19}},"type":"default-arg","locations":[{"start":{"line":18,"column":12},"end":{"line":18,"column":19}}],"line":18},"1":{"loc":{"start":{"line":27,"column":4},"end":{"line":27,"column":53}},"type":"cond-expr","locations":[{"start":{"line":27,"column":26},"end":{"line":27,"column":38}},{"start":{"line":27,"column":41},"end":{"line":27,"column":53}}],"line":27},"2":{"loc":{"start":{"line":35,"column":7},"end":{"line":40,"column":7}},"type":"binary-expr","locations":[{"start":{"line":35,"column":8},"end":{"line":35,"column":13}},{"start":{"line":35,"column":17},"end":{"line":35,"column":23}},{"start":{"line":36,"column":8},"end":{"line":39,"column":14}}],"line":35},"3":{"loc":{"start":{"line":37,"column":11},"end":{"line":37,"column":65}},"type":"binary-expr","locations":[{"start":{"line":37,"column":11},"end":{"line":37,"column":16}},{"start":{"line":37,"column":20},"end":{"line":37,"column":65}}],"line":37}},"s":{"0":3,"1":63,"2":63},"f":{"0":63},"b":{"0":[43],"1":[20,43],"2":[63,39,24],"3":[24,24]},"_coverageSchema":"1a1c01bbd47fc00a2c39e90264f33305004495a9","hash":"f09cb61bb02727d30e7a142fa05f46ca9eea748e"}
,"D:\\Code\\hockey-tracker\\client\\src\\components\\ConfirmModal\\ConfirmModal.tsx": {"path":"D:\\Code\\hockey-tracker\\client\\src\\components\\ConfirmModal\\ConfirmModal.tsx","statementMap":{"0":{"start":{"line":21,"column":60},"end":{"line":25,"column":1}},"1":{"start":{"line":27,"column":21},"end":{"line":65,"column":1}},"2":{"start":{"line":38,"column":2},"end":{"line":64,"column":10}}},"fnMap":{"0":{"name":"(anonymous_0)","decl":{"start":{"line":27,"column":21},"end":{"line":27,"column":22}},"loc":{"start":{"line":38,"column":2},"end":{"line":64,"column":10}},"line":38}},"branchMap":{"0":{"loc":{"start":{"line":33,"column":2},"end":{"line":33,"column":20}},"type":"default-arg","locations":[{"start":{"line":33,"column":12},"end":{"line":33,"column":20}}],"line":33},"1":{"loc":{"start":{"line":34,"column":2},"end":{"line":34,"column":14}},"type":"default-arg","locations":[{"start":{"line":34,"column":9},"end":{"line":34,"column":14}}],"line":34}},"s":{"0":2,"1":2,"2":37},"f":{"0":37},"b":{"0":[11],"1":[9]},"_coverageSchema":"1a1c01bbd47fc00a2c39e90264f33305004495a9","hash":"639b9053443c16eaf9c60034d600a8434e8326cf"}
,"D:\\Code\\hockey-tracker\\client\\src\\components\\DatePicker\\DatePicker.tsx": {"path":"D:\\Code\\hockey-tracker\\client\\src\\components\\DatePicker\\DatePicker.tsx","statementMap":{"0":{"start":{"line":13,"column":15},"end":{"line":26,"column":1}},"1":{"start":{"line":27,"column":21},"end":{"line":40,"column":1}},"2":{"start":{"line":41,"column":19},"end":{"line":41,"column":61}},"3":{"start":{"line":43,"column":19},"end":{"line":46,"column":1}},"4":{"start":{"line":44,"column":12},"end":{"line":44,"column":22}},"5":{"start":{"line":45,"column":2},"end":{"line":45,"column":69}},"6":{"start":{"line":48,"column":17},"end":{"line":52,"column":1}},"7":{"start":{"line":49,"column":2},"end":{"line":49,"column":24}},"8":{"start":{"line":49,"column":12},"end":{"line":49,"column":24}},"9":{"start":{"line":50,"column":20},"end":{"line":50,"column":46}},"10":{"start":{"line":51,"column":2},"end":{"line":51,"column":21}},"11":{"start":{"line":54,"column":14},"end":{"line":55,"column":68}},"12":{"start":{"line":55,"column":2},"end":{"line":55,"column":68}},"13":{"start":{"line":57,"column":20},"end":{"line":57,"column":73}},"14":{"start":{"line":57,"column":46},"end":{"line":57,"column":73}},"15":{"start":{"line":58,"column":23},"end":{"line":58,"column":79}},"16":{"start":{"line":58,"column":49},"end":{"line":58,"column":79}},"17":{"start":{"line":60,"column":19},"end":{"line":359,"column":1}},"18":{"start":{"line":61,"column":26},"end":{"line":61,"column":41}},"19":{"start":{"line":62,"column":26},"end":{"line":62,"column":50}},"20":{"start":{"line":63,"column":17},"end":{"line":63,"column":32}},"21":{"start":{"line":64,"column":12},"end":{"line":64,"column":24}},"22":{"start":{"line":65,"column":34},"end":{"line":65,"column":60}},"23":{"start":{"line":66,"column":36},"end":{"line":66,"column":62}},"24":{"start":{"line":67,"column":34},"end":{"line":67,"column":90}},"25":{"start":{"line":67,"column":49},"end":{"line":67,"column":89}},"26":{"start":{"line":68,"column":21},"end":{"line":68,"column":49}},"27":{"start":{"line":71,"column":2},"end":{"line":78,"column":14}},"28":{"start":{"line":72,"column":14},"end":{"line":72,"column":29}},"29":{"start":{"line":73,"column":4},"end":{"line":77,"column":5}},"30":{"start":{"line":74,"column":6},"end":{"line":74,"column":23}},"31":{"start":{"line":75,"column":6},"end":{"line":75,"column":24}},"32":{"start":{"line":76,"column":6},"end":{"line":76,"column":45}},"33":{"start":{"line":81,"column":2},"end":{"line":88,"column":13}},"34":{"start":{"line":82,"column":4},"end":{"line":82,"column":22}},"35":{"start":{"line":82,"column":15},"end":{"line":82,"column":22}},"36":{"start":{"line":83,"column":20},"end":{"line":85,"column":5}},"37":{"start":{"line":84,"column":6},"end":{"line":84,"column":95}},"38":{"start":{"line":84,"column":80},"end":{"line":84,"column":95}},"39":{"start":{"line":86,"column":4},"end":{"line":86,"column":52}},"40":{"start":{"line":87,"column":4},"end":{"line":87,"column":68}},"41":{"start":{"line":87,"column":17},"end":{"line":87,"column":67}},"42":{"start":{"line":90,"column":21},"end":{"line":93,"column":3}},"43":{"start":{"line":91,"column":4},"end":{"line":91,"column":19}},"44":{"start":{"line":92,"column":4},"end":{"line":92,"column":23}},"45":{"start":{"line":92,"column":19},"end":{"line":92,"column":21}},"46":{"start":{"line":94,"column":20},"end":{"line":99,"column":3}},"47":{"start":{"line":95,"column":4},"end":{"line":98,"column":38}},"48":{"start":{"line":96,"column":6},"end":{"line":96,"column":32}},"49":{"start":{"line":96,"column":25},"end":{"line":96,"column":30}},"50":{"start":{"line":97,"column":6},"end":{"line":97,"column":23}},"51":{"start":{"line":98,"column":11},"end":{"line":98,"column":38}},"52":{"start":{"line":98,"column":31},"end":{"line":98,"column":36}},"53":{"start":{"line":100,"column":20},"end":{"line":105,"column":3}},"54":{"start":{"line":101,"column":4},"end":{"line":104,"column":38}},"55":{"start":{"line":102,"column":6},"end":{"line":102,"column":32}},"56":{"start":{"line":102,"column":25},"end":{"line":102,"column":30}},"57":{"start":{"line":103,"column":6},"end":{"line":103,"column":22}},"58":{"start":{"line":104,"column":11},"end":{"line":104,"column":38}},"59":{"start":{"line":104,"column":31},"end":{"line":104,"column":36}},"60":{"start":{"line":106,"column":20},"end":{"line":109,"column":3}},"61":{"start":{"line":107,"column":4},"end":{"line":107,"column":46}},"62":{"start":{"line":108,"column":4},"end":{"line":108,"column":19}},"63":{"start":{"line":110,"column":22},"end":{"line":113,"column":3}},"64":{"start":{"line":111,"column":4},"end":{"line":111,"column":35}},"65":{"start":{"line":112,"column":4},"end":{"line":112,"column":19}},"66":{"start":{"line":114,"column":20},"end":{"line":117,"column":3}},"67":{"start":{"line":115,"column":4},"end":{"line":115,"column":25}},"68":{"start":{"line":116,"column":4},"end":{"line":116,"column":17}},"69":{"start":{"line":118,"column":22},"end":{"line":121,"column":3}},"70":{"start":{"line":119,"column":4},"end":{"line":119,"column":20}},"71":{"start":{"line":120,"column":4},"end":{"line":120,"column":19}},"72":{"start":{"line":122,"column":21},"end":{"line":126,"column":3}},"73":{"start":{"line":123,"column":4},"end":{"line":123,"column":19}},"74":{"start":{"line":124,"column":4},"end":{"line":124,"column":41}},"75":{"start":{"line":125,"column":4},"end":{"line":125,"column":21}},"76":{"start":{"line":127,"column":23},"end":{"line":130,"column":3}},"77":{"start":{"line":128,"column":4},"end":{"line":128,"column":48}},"78":{"start":{"line":129,"column":4},"end":{"line":129,"column":20}},"79":{"start":{"line":132,"column":23},"end":{"line":132,"column":87}},"80":{"start":{"line":135,"column":16},"end":{"line":135,"column":48}},"81":{"start":{"line":136,"column":19},"end":{"line":136,"column":54}},"82":{"start":{"line":137,"column":35},"end":{"line":137,"column":61}},"83":{"start":{"line":138,"column":2},"end":{"line":138,"column":49}},"84":{"start":{"line":138,"column":15},"end":{"line":138,"column":16}},"85":{"start":{"line":138,"column":35},"end":{"line":138,"column":49}},"86":{"start":{"line":139,"column":2},"end":{"line":139,"column":50}},"87":{"start":{"line":139,"column":33},"end":{"line":139,"column":50}},"88":{"start":{"line":140,"column":16},"end":{"line":140,"column":66}},"89":{"start":{"line":140,"column":53},"end":{"line":140,"column":65}},"90":{"start":{"line":142,"column":2},"end":{"line":358,"column":4}},"91":{"start":{"line":192,"column":33},"end":{"line":192,"column":49}},"92":{"start":{"line":209,"column":18},"end":{"line":214,"column":25}},"93":{"start":{"line":217,"column":18},"end":{"line":217,"column":66}},"94":{"start":{"line":217,"column":36},"end":{"line":217,"column":66}},"95":{"start":{"line":219,"column":20},"end":{"line":219,"column":90}},"96":{"start":{"line":220,"column":34},"end":{"line":220,"column":86}},"97":{"start":{"line":221,"column":18},"end":{"line":230,"column":20}},"98":{"start":{"line":226,"column":37},"end":{"line":226,"column":51}},"99":{"start":{"line":245,"column":35},"end":{"line":245,"column":46}},"100":{"start":{"line":261,"column":33},"end":{"line":261,"column":58}},"101":{"start":{"line":261,"column":52},"end":{"line":261,"column":57}},"102":{"start":{"line":278,"column":33},"end":{"line":278,"column":58}},"103":{"start":{"line":278,"column":52},"end":{"line":278,"column":57}},"104":{"start":{"line":288,"column":28},"end":{"line":288,"column":33}},"105":{"start":{"line":289,"column":32},"end":{"line":289,"column":73}},"106":{"start":{"line":290,"column":33},"end":{"line":290,"column":62}},"107":{"start":{"line":291,"column":18},"end":{"line":300,"column":20}},"108":{"start":{"line":296,"column":37},"end":{"line":296,"column":51}},"109":{"start":{"line":313,"column":33},"end":{"line":313,"column":59}},"110":{"start":{"line":313,"column":52},"end":{"line":313,"column":58}},"111":{"start":{"line":329,"column":33},"end":{"line":329,"column":59}},"112":{"start":{"line":329,"column":52},"end":{"line":329,"column":58}},"113":{"start":{"line":339,"column":32},"end":{"line":339,"column":47}},"114":{"start":{"line":340,"column":33},"end":{"line":340,"column":42}},"115":{"start":{"line":341,"column":18},"end":{"line":350,"column":20}},"116":{"start":{"line":346,"column":37},"end":{"line":346,"column":50}}},"fnMap":{"0":{"name":"(anonymous_0)","decl":{"start":{"line":43,"column":19},"end":{"line":43,"column":20}},"loc":{"start":{"line":43,"column":25},"end":{"line":46,"column":1}},"line":43},"1":{"name":"(anonymous_1)","decl":{"start":{"line":48,"column":17},"end":{"line":48,"column":18}},"loc":{"start":{"line":48,"column":34},"end":{"line":52,"column":1}},"line":48},"2":{"name":"(anonymous_2)","decl":{"start":{"line":54,"column":14},"end":{"line":54,"column":15}},"loc":{"start":{"line":55,"column":2},"end":{"line":55,"column":68}},"line":55},"3":{"name":"(anonymous_3)","decl":{"start":{"line":57,"column":20},"end":{"line":57,"column":21}},"loc":{"start":{"line":57,"column":46},"end":{"line":57,"column":73}},"line":57},"4":{"name":"(anonymous_4)","decl":{"start":{"line":58,"column":23},"end":{"line":58,"column":24}},"loc":{"start":{"line":58,"column":49},"end":{"line":58,"column":79}},"line":58},"5":{"name":"(anonymous_5)","decl":{"start":{"line":60,"column":19},"end":{"line":60,"column":20}},"loc":{"start":{"line":60,"column":81},"end":{"line":359,"column":1}},"line":60},"6":{"name":"(anonymous_6)","decl":{"start":{"line":67,"column":43},"end":{"line":67,"column":44}},"loc":{"start":{"line":67,"column":49},"end":{"line":67,"column":89}},"line":67},"7":{"name":"(anonymous_7)","decl":{"start":{"line":71,"column":12},"end":{"line":71,"column":13}},"loc":{"start":{"line":71,"column":18},"end":{"line":78,"column":3}},"line":71},"8":{"name":"(anonymous_8)","decl":{"start":{"line":81,"column":12},"end":{"line":81,"column":13}},"loc":{"start":{"line":81,"column":18},"end":{"line":88,"column":3}},"line":81},"9":{"name":"(anonymous_9)","decl":{"start":{"line":83,"column":20},"end":{"line":83,"column":21}},"loc":{"start":{"line":83,"column":39},"end":{"line":85,"column":5}},"line":83},"10":{"name":"(anonymous_10)","decl":{"start":{"line":87,"column":11},"end":{"line":87,"column":12}},"loc":{"start":{"line":87,"column":17},"end":{"line":87,"column":67}},"line":87},"11":{"name":"(anonymous_11)","decl":{"start":{"line":90,"column":21},"end":{"line":90,"column":22}},"loc":{"start":{"line":90,"column":27},"end":{"line":93,"column":3}},"line":90},"12":{"name":"(anonymous_12)","decl":{"start":{"line":92,"column":12},"end":{"line":92,"column":13}},"loc":{"start":{"line":92,"column":19},"end":{"line":92,"column":21}},"line":92},"13":{"name":"(anonymous_13)","decl":{"start":{"line":94,"column":20},"end":{"line":94,"column":21}},"loc":{"start":{"line":94,"column":26},"end":{"line":99,"column":3}},"line":94},"14":{"name":"(anonymous_14)","decl":{"start":{"line":96,"column":18},"end":{"line":96,"column":19}},"loc":{"start":{"line":96,"column":25},"end":{"line":96,"column":30}},"line":96},"15":{"name":"(anonymous_15)","decl":{"start":{"line":98,"column":24},"end":{"line":98,"column":25}},"loc":{"start":{"line":98,"column":31},"end":{"line":98,"column":36}},"line":98},"16":{"name":"(anonymous_16)","decl":{"start":{"line":100,"column":20},"end":{"line":100,"column":21}},"loc":{"start":{"line":100,"column":26},"end":{"line":105,"column":3}},"line":100},"17":{"name":"(anonymous_17)","decl":{"start":{"line":102,"column":18},"end":{"line":102,"column":19}},"loc":{"start":{"line":102,"column":25},"end":{"line":102,"column":30}},"line":102},"18":{"name":"(anonymous_18)","decl":{"start":{"line":104,"column":24},"end":{"line":104,"column":25}},"loc":{"start":{"line":104,"column":31},"end":{"line":104,"column":36}},"line":104},"19":{"name":"(anonymous_19)","decl":{"start":{"line":106,"column":20},"end":{"line":106,"column":21}},"loc":{"start":{"line":106,"column":37},"end":{"line":109,"column":3}},"line":106},"20":{"name":"(anonymous_20)","decl":{"start":{"line":110,"column":22},"end":{"line":110,"column":23}},"loc":{"start":{"line":110,"column":28},"end":{"line":113,"column":3}},"line":110},"21":{"name":"(anonymous_21)","decl":{"start":{"line":114,"column":20},"end":{"line":114,"column":21}},"loc":{"start":{"line":114,"column":46},"end":{"line":117,"column":3}},"line":114},"22":{"name":"(anonymous_22)","decl":{"start":{"line":118,"column":22},"end":{"line":118,"column":23}},"loc":{"start":{"line":118,"column":37},"end":{"line":121,"column":3}},"line":118},"23":{"name":"(anonymous_23)","decl":{"start":{"line":122,"column":21},"end":{"line":122,"column":22}},"loc":{"start":{"line":122,"column":36},"end":{"line":126,"column":3}},"line":122},"24":{"name":"(anonymous_24)","decl":{"start":{"line":127,"column":23},"end":{"line":127,"column":24}},"loc":{"start":{"line":127,"column":29},"end":{"line":130,"column":3}},"line":127},"25":{"name":"(anonymous_25)","decl":{"start":{"line":140,"column":43},"end":{"line":140,"column":44}},"loc":{"start":{"line":140,"column":53},"end":{"line":140,"column":65}},"line":140},"26":{"name":"(anonymous_26)","decl":{"start":{"line":192,"column":27},"end":{"line":192,"column":28}},"loc":{"start":{"line":192,"column":33},"end":{"line":192,"column":49}},"line":192},"27":{"name":"(anonymous_27)","decl":{"start":{"line":208,"column":32},"end":{"line":208,"column":33}},"loc":{"start":{"line":209,"column":18},"end":{"line":214,"column":25}},"line":209},"28":{"name":"(anonymous_28)","decl":{"start":{"line":216,"column":27},"end":{"line":216,"column":28}},"loc":{"start":{"line":216,"column":39},"end":{"line":231,"column":17}},"line":216},"29":{"name":"(anonymous_29)","decl":{"start":{"line":226,"column":31},"end":{"line":226,"column":32}},"loc":{"start":{"line":226,"column":37},"end":{"line":226,"column":51}},"line":226},"30":{"name":"(anonymous_30)","decl":{"start":{"line":245,"column":29},"end":{"line":245,"column":30}},"loc":{"start":{"line":245,"column":35},"end":{"line":245,"column":46}},"line":245},"31":{"name":"(anonymous_31)","decl":{"start":{"line":261,"column":27},"end":{"line":261,"column":28}},"loc":{"start":{"line":261,"column":33},"end":{"line":261,"column":58}},"line":261},"32":{"name":"(anonymous_32)","decl":{"start":{"line":261,"column":45},"end":{"line":261,"column":46}},"loc":{"start":{"line":261,"column":52},"end":{"line":261,"column":57}},"line":261},"33":{"name":"(anonymous_33)","decl":{"start":{"line":278,"column":27},"end":{"line":278,"column":28}},"loc":{"start":{"line":278,"column":33},"end":{"line":278,"column":58}},"line":278},"34":{"name":"(anonymous_34)","decl":{"start":{"line":278,"column":45},"end":{"line":278,"column":46}},"loc":{"start":{"line":278,"column":52},"end":{"line":278,"column":57}},"line":278},"35":{"name":"(anonymous_35)","decl":{"start":{"line":287,"column":34},"end":{"line":287,"column":35}},"loc":{"start":{"line":287,"column":47},"end":{"line":301,"column":17}},"line":287},"36":{"name":"(anonymous_36)","decl":{"start":{"line":296,"column":31},"end":{"line":296,"column":32}},"loc":{"start":{"line":296,"column":37},"end":{"line":296,"column":51}},"line":296},"37":{"name":"(anonymous_37)","decl":{"start":{"line":313,"column":27},"end":{"line":313,"column":28}},"loc":{"start":{"line":313,"column":33},"end":{"line":313,"column":59}},"line":313},"38":{"name":"(anonymous_38)","decl":{"start":{"line":313,"column":45},"end":{"line":313,"column":46}},"loc":{"start":{"line":313,"column":52},"end":{"line":313,"column":58}},"line":313},"39":{"name":"(anonymous_39)","decl":{"start":{"line":329,"column":27},"end":{"line":329,"column":28}},"loc":{"start":{"line":329,"column":33},"end":{"line":329,"column":59}},"line":329},"40":{"name":"(anonymous_40)","decl":{"start":{"line":329,"column":45},"end":{"line":329,"column":46}},"loc":{"start":{"line":329,"column":52},"end":{"line":329,"column":58}},"line":329},"41":{"name":"(anonymous_41)","decl":{"start":{"line":338,"column":27},"end":{"line":338,"column":28}},"loc":{"start":{"line":338,"column":34},"end":{"line":351,"column":17}},"line":338},"42":{"name":"(anonymous_42)","decl":{"start":{"line":346,"column":31},"end":{"line":346,"column":32}},"loc":{"start":{"line":346,"column":37},"end":{"line":346,"column":50}},"line":346}},"branchMap":{"0":{"loc":{"start":{"line":49,"column":2},"end":{"line":49,"column":24}},"type":"if","locations":[{"start":{"line":49,"column":2},"end":{"line":49,"column":24}},{"start":{},"end":{}}],"line":49},"1":{"loc":{"start":{"line":60,"column":39},"end":{"line":60,"column":67}},"type":"default-arg","locations":[{"start":{"line":60,"column":53},"end":{"line":60,"column":67}}],"line":60},"2":{"loc":{"start":{"line":65,"column":43},"end":{"line":65,"column":59}},"type":"binary-expr","locations":[{"start":{"line":65,"column":43},"end":{"line":65,"column":52}},{"start":{"line":65,"column":56},"end":{"line":65,"column":59}}],"line":65},"3":{"loc":{"start":{"line":66,"column":45},"end":{"line":66,"column":61}},"type":"binary-expr","locations":[{"start":{"line":66,"column":45},"end":{"line":66,"column":54}},{"start":{"line":66,"column":58},"end":{"line":66,"column":61}}],"line":66},"4":{"loc":{"start":{"line":67,"column":61},"end":{"line":67,"column":77}},"type":"binary-expr","locations":[{"start":{"line":67,"column":61},"end":{"line":67,"column":70}},{"start":{"line":67,"column":74},"end":{"line":67,"column":77}}],"line":67},"5":{"loc":{"start":{"line":73,"column":4},"end":{"line":77,"column":5}},"type":"if","locations":[{"start":{"line":73,"column":4},"end":{"line":77,"column":5}},{"start":{},"end":{}}],"line":73},"6":{"loc":{"start":{"line":82,"column":4},"end":{"line":82,"column":22}},"type":"if","locations":[{"start":{"line":82,"column":4},"end":{"line":82,"column":22}},{"start":{},"end":{}}],"line":82},"7":{"loc":{"start":{"line":84,"column":6},"end":{"line":84,"column":95}},"type":"if","locations":[{"start":{"line":84,"column":6},"end":{"line":84,"column":95}},{"start":{},"end":{}}],"line":84},"8":{"loc":{"start":{"line":84,"column":10},"end":{"line":84,"column":78}},"type":"binary-expr","locations":[{"start":{"line":84,"column":10},"end":{"line":84,"column":28}},{"start":{"line":84,"column":32},"end":{"line":84,"column":78}}],"line":84},"9":{"loc":{"start":{"line":95,"column":4},"end":{"line":98,"column":38}},"type":"if","locations":[{"start":{"line":95,"column":4},"end":{"line":98,"column":38}},{"start":{"line":98,"column":11},"end":{"line":98,"column":38}}],"line":95},"10":{"loc":{"start":{"line":101,"column":4},"end":{"line":104,"column":38}},"type":"if","locations":[{"start":{"line":101,"column":4},"end":{"line":104,"column":38}},{"start":{"line":104,"column":11},"end":{"line":104,"column":38}}],"line":101},"11":{"loc":{"start":{"line":132,"column":23},"end":{"line":132,"column":87}},"type":"cond-expr","locations":[{"start":{"line":132,"column":32},"end":{"line":132,"column":82}},{"start":{"line":132,"column":85},"end":{"line":132,"column":87}}],"line":132},"12":{"loc":{"start":{"line":158,"column":25},"end":{"line":158,"column":73}},"type":"cond-expr","locations":[{"start":{"line":158,"column":40},"end":{"line":158,"column":52}},{"start":{"line":158,"column":55},"end":{"line":158,"column":73}}],"line":158},"13":{"loc":{"start":{"line":159,"column":11},"end":{"line":159,"column":38}},"type":"binary-expr","locations":[{"start":{"line":159,"column":11},"end":{"line":159,"column":23}},{"start":{"line":159,"column":27},"end":{"line":159,"column":38}}],"line":159},"14":{"loc":{"start":{"line":161,"column":9},"end":{"line":170,"column":9}},"type":"binary-expr","locations":[{"start":{"line":161,"column":9},"end":{"line":161,"column":14}},{"start":{"line":162,"column":10},"end":{"line":169,"column":17}}],"line":161},"15":{"loc":{"start":{"line":173,"column":7},"end":{"line":356,"column":7}},"type":"binary-expr","locations":[{"start":{"line":173,"column":7},"end":{"line":173,"column":11}},{"start":{"line":174,"column":8},"end":{"line":355,"column":14}}],"line":173},"16":{"loc":{"start":{"line":176,"column":11},"end":{"line":252,"column":11}},"type":"binary-expr","locations":[{"start":{"line":176,"column":11},"end":{"line":176,"column":25}},{"start":{"line":177,"column":12},"end":{"line":251,"column":15}}],"line":176},"17":{"loc":{"start":{"line":217,"column":18},"end":{"line":217,"column":66}},"type":"if","locations":[{"start":{"line":217,"column":18},"end":{"line":217,"column":66}},{"start":{},"end":{}}],"line":217},"18":{"loc":{"start":{"line":219,"column":20},"end":{"line":219,"column":90}},"type":"binary-expr","locations":[{"start":{"line":219,"column":20},"end":{"line":219,"column":42}},{"start":{"line":219,"column":46},"end":{"line":219,"column":69}},{"start":{"line":219,"column":73},"end":{"line":219,"column":90}}],"line":219},"19":{"loc":{"start":{"line":220,"column":34},"end":{"line":220,"column":86}},"type":"binary-expr","locations":[{"start":{"line":220,"column":34},"end":{"line":220,"column":50}},{"start":{"line":220,"column":54},"end":{"line":220,"column":71}},{"start":{"line":220,"column":75},"end":{"line":220,"column":86}}],"line":220},"20":{"loc":{"start":{"line":225,"column":49},"end":{"line":225,"column":83}},"type":"cond-expr","locations":[{"start":{"line":225,"column":57},"end":{"line":225,"column":78}},{"start":{"line":225,"column":81},"end":{"line":225,"column":83}}],"line":225},"21":{"loc":{"start":{"line":225,"column":86},"end":{"line":225,"column":129}},"type":"cond-expr","locations":[{"start":{"line":225,"column":106},"end":{"line":225,"column":124}},{"start":{"line":225,"column":127},"end":{"line":225,"column":129}}],"line":225},"22":{"loc":{"start":{"line":225,"column":86},"end":{"line":225,"column":103}},"type":"binary-expr","locations":[{"start":{"line":225,"column":86},"end":{"line":225,"column":93}},{"start":{"line":225,"column":97},"end":{"line":225,"column":103}}],"line":225},"23":{"loc":{"start":{"line":241,"column":17},"end":{"line":249,"column":17}},"type":"binary-expr","locations":[{"start":{"line":241,"column":17},"end":{"line":241,"column":22}},{"start":{"line":242,"column":18},"end":{"line":248,"column":27}}],"line":241},"24":{"loc":{"start":{"line":255,"column":11},"end":{"line":304,"column":11}},"type":"binary-expr","locations":[{"start":{"line":255,"column":11},"end":{"line":255,"column":27}},{"start":{"line":256,"column":12},"end":{"line":303,"column":15}}],"line":255},"25":{"loc":{"start":{"line":289,"column":32},"end":{"line":289,"column":73}},"type":"binary-expr","locations":[{"start":{"line":289,"column":32},"end":{"line":289,"column":54}},{"start":{"line":289,"column":58},"end":{"line":289,"column":73}}],"line":289},"26":{"loc":{"start":{"line":290,"column":33},"end":{"line":290,"column":62}},"type":"binary-expr","locations":[{"start":{"line":290,"column":33},"end":{"line":290,"column":49}},{"start":{"line":290,"column":53},"end":{"line":290,"column":62}}],"line":290},"27":{"loc":{"start":{"line":295,"column":54},"end":{"line":295,"column":88}},"type":"cond-expr","locations":[{"start":{"line":295,"column":62},"end":{"line":295,"column":83}},{"start":{"line":295,"column":86},"end":{"line":295,"column":88}}],"line":295},"28":{"loc":{"start":{"line":295,"column":91},"end":{"line":295,"column":133}},"type":"cond-expr","locations":[{"start":{"line":295,"column":110},"end":{"line":295,"column":128}},{"start":{"line":295,"column":131},"end":{"line":295,"column":133}}],"line":295},"29":{"loc":{"start":{"line":295,"column":91},"end":{"line":295,"column":107}},"type":"binary-expr","locations":[{"start":{"line":295,"column":91},"end":{"line":295,"column":97}},{"start":{"line":295,"column":101},"end":{"line":295,"column":107}}],"line":295},"30":{"loc":{"start":{"line":307,"column":11},"end":{"line":354,"column":11}},"type":"binary-expr","locations":[{"start":{"line":307,"column":11},"end":{"line":307,"column":26}},{"start":{"line":308,"column":12},"end":{"line":353,"column":15}}],"line":307},"31":{"loc":{"start":{"line":345,"column":53},"end":{"line":345,"column":87}},"type":"cond-expr","locations":[{"start":{"line":345,"column":61},"end":{"line":345,"column":82}},{"start":{"line":345,"column":85},"end":{"line":345,"column":87}}],"line":345},"32":{"loc":{"start":{"line":345,"column":90},"end":{"line":345,"column":132}},"type":"cond-expr","locations":[{"start":{"line":345,"column":109},"end":{"line":345,"column":127}},{"start":{"line":345,"column":130},"end":{"line":345,"column":132}}],"line":345},"33":{"loc":{"start":{"line":345,"column":90},"end":{"line":345,"column":106}},"type":"binary-expr","locations":[{"start":{"line":345,"column":90},"end":{"line":345,"column":96}},{"start":{"line":345,"column":100},"end":{"line":345,"column":106}}],"line":345}},"s":{"0":1,"1":1,"2":1,"3":1,"4":0,"5":0,"6":1,"7":0,"8":0,"9":0,"10":0,"11":1,"12":0,"13":1,"14":0,"15":1,"16":0,"17":1,"18":0,"19":0,"20":0,"21":0,"22":0,"23":0,"24":0,"25":0,"26":0,"27":0,"28":0,"29":0,"30":0,"31":0,"32":0,"33":0,"34":0,"35":0,"36":0,"37":0,"38":0,"39":0,"40":0,"41":0,"42":0,"43":0,"44":0,"45":0,"46":0,"47":0,"48":0,"49":0,"50":0,"51":0,"52":0,"53":0,"54":0,"55":0,"56":0,"57":0,"58":0,"59":0,"60":0,"61":0,"62":0,"63":0,"64":0,"65":0,"66":0,"67":0,"68":0,"69":0,"70":0,"71":0,"72":0,"73":0,"74":0,"75":0,"76":0,"77":0,"78":0,"79":0,"80":0,"81":0,"82":0,"83":0,"84":0,"85":0,"86":0,"87":0,"88":0,"89":0,"90":0,"91":0,"92":0,"93":0,"94":0,"95":0,"96":0,"97":0,"98":0,"99":0,"100":0,"101":0,"102":0,"103":0,"104":0,"105":0,"106":0,"107":0,"108":0,"109":0,"110":0,"111":0,"112":0,"113":0,"114":0,"115":0,"116":0},"f":{"0":0,"1":0,"2":0,"3":0,"4":0,"5":0,"6":0,"7":0,"8":0,"9":0,"10":0,"11":0,"12":0,"13":0,"14":0,"15":0,"16":0,"17":0,"18":0,"19":0,"20":0,"21":0,"22":0,"23":0,"24":0,"25":0,"26":0,"27":0,"28":0,"29":0,"30":0,"31":0,"32":0,"33":0,"34":0,"35":0,"36":0,"37":0,"38":0,"39":0,"40":0,"41":0,"42":0},"b":{"0":[0,0],"1":[0],"2":[0,0],"3":[0,0],"4":[0,0],"5":[0,0],"6":[0,0],"7":[0,0],"8":[0,0],"9":[0,0],"10":[0,0],"11":[0,0],"12":[0,0],"13":[0,0],"14":[0,0],"15":[0,0],"16":[0,0],"17":[0,0],"18":[0,0,0],"19":[0,0,0],"20":[0,0],"21":[0,0],"22":[0,0],"23":[0,0],"24":[0,0],"25":[0,0],"26":[0,0],"27":[0,0],"28":[0,0],"29":[0,0],"30":[0,0],"31":[0,0],"32":[0,0],"33":[0,0]},"_coverageSchema":"1a1c01bbd47fc00a2c39e90264f33305004495a9","hash":"daa5a35514ce8de7c63d611f6a94aeb5ad857cab"}
,"D:\\Code\\hockey-tracker\\client\\src\\components\\Field\\Field.tsx": {"path":"D:\\Code\\hockey-tracker\\client\\src\\components\\Field\\Field.tsx","statementMap":{"0":{"start":{"line":55,"column":14},"end":{"line":172,"column":1}},"1":{"start":{"line":56,"column":52},"end":{"line":56,"column":57}},"2":{"start":{"line":58,"column":15},"end":{"line":58,"column":38}},"3":{"start":{"line":59,"column":42},"end":{"line":59,"column":57}},"4":{"start":{"line":61,"column":2},"end":{"line":171,"column":4}},"5":{"start":{"line":67,"column":25},"end":{"line":158,"column":9}},"6":{"start":{"line":68,"column":10},"end":{"line":157,"column":11}},"7":{"start":{"line":79,"column":16},"end":{"line":79,"column":21}},"8":{"start":{"line":81,"column":29},"end":{"line":83,"column":87}},"9":{"start":{"line":82,"column":57},"end":{"line":82,"column":98}},"10":{"start":{"line":83,"column":57},"end":{"line":83,"column":87}},"11":{"start":{"line":84,"column":12},"end":{"line":93,"column":14}},"12":{"start":{"line":94,"column":17},"end":{"line":157,"column":11}},"13":{"start":{"line":95,"column":55},"end":{"line":95,"column":60}},"14":{"start":{"line":96,"column":12},"end":{"line":104,"column":14}},"15":{"start":{"line":105,"column":17},"end":{"line":157,"column":11}},"16":{"start":{"line":106,"column":12},"end":{"line":106,"column":34}},"17":{"start":{"line":107,"column":17},"end":{"line":157,"column":11}},"18":{"start":{"line":108,"column":12},"end":{"line":114,"column":14}},"19":{"start":{"line":125,"column":16},"end":{"line":125,"column":21}},"20":{"start":{"line":127,"column":29},"end":{"line":129,"column":30}},"21":{"start":{"line":128,"column":54},"end":{"line":128,"column":95}},"22":{"start":{"line":130,"column":31},"end":{"line":130,"column":56}},"23":{"start":{"line":132,"column":14},"end":{"line":140,"column":16}},"24":{"start":{"line":142,"column":12},"end":{"line":142,"column":42}},"25":{"start":{"line":142,"column":29},"end":{"line":142,"column":42}},"26":{"start":{"line":143,"column":12},"end":{"line":156,"column":14}},"27":{"start":{"line":149,"column":33},"end":{"line":149,"column":59}},"28":{"start":{"line":149,"column":56},"end":{"line":149,"column":58}},"29":{"start":{"line":160,"column":8},"end":{"line":168,"column":10}}},"fnMap":{"0":{"name":"(anonymous_0)","decl":{"start":{"line":55,"column":14},"end":{"line":55,"column":15}},"loc":{"start":{"line":55,"column":37},"end":{"line":172,"column":1}},"line":55},"1":{"name":"(anonymous_1)","decl":{"start":{"line":66,"column":14},"end":{"line":66,"column":15}},"loc":{"start":{"line":66,"column":29},"end":{"line":169,"column":7}},"line":66},"2":{"name":"(anonymous_2)","decl":{"start":{"line":67,"column":25},"end":{"line":67,"column":26}},"loc":{"start":{"line":67,"column":31},"end":{"line":158,"column":9}},"line":67},"3":{"name":"(anonymous_3)","decl":{"start":{"line":82,"column":16},"end":{"line":82,"column":17}},"loc":{"start":{"line":82,"column":57},"end":{"line":82,"column":98}},"line":82},"4":{"name":"(anonymous_4)","decl":{"start":{"line":83,"column":16},"end":{"line":83,"column":17}},"loc":{"start":{"line":83,"column":57},"end":{"line":83,"column":87}},"line":83},"5":{"name":"(anonymous_5)","decl":{"start":{"line":128,"column":16},"end":{"line":128,"column":17}},"loc":{"start":{"line":128,"column":54},"end":{"line":128,"column":95}},"line":128},"6":{"name":"(anonymous_6)","decl":{"start":{"line":149,"column":27},"end":{"line":149,"column":28}},"loc":{"start":{"line":149,"column":33},"end":{"line":149,"column":59}},"line":149},"7":{"name":"(anonymous_7)","decl":{"start":{"line":149,"column":49},"end":{"line":149,"column":50}},"loc":{"start":{"line":149,"column":56},"end":{"line":149,"column":58}},"line":149}},"branchMap":{"0":{"loc":{"start":{"line":68,"column":10},"end":{"line":157,"column":11}},"type":"if","locations":[{"start":{"line":68,"column":10},"end":{"line":157,"column":11}},{"start":{"line":94,"column":17},"end":{"line":157,"column":11}}],"line":68},"1":{"loc":{"start":{"line":81,"column":29},"end":{"line":83,"column":87}},"type":"cond-expr","locations":[{"start":{"line":82,"column":16},"end":{"line":82,"column":98}},{"start":{"line":83,"column":16},"end":{"line":83,"column":87}}],"line":81},"2":{"loc":{"start":{"line":89,"column":23},"end":{"line":89,"column":52}},"type":"binary-expr","locations":[{"start":{"line":89,"column":24},"end":{"line":89,"column":45}},{"start":{"line":89,"column":50},"end":{"line":89,"column":52}}],"line":89},"3":{"loc":{"start":{"line":94,"column":17},"end":{"line":157,"column":11}},"type":"if","locations":[{"start":{"line":94,"column":17},"end":{"line":157,"column":11}},{"start":{"line":105,"column":17},"end":{"line":157,"column":11}}],"line":94},"4":{"loc":{"start":{"line":98,"column":23},"end":{"line":98,"column":54}},"type":"binary-expr","locations":[{"start":{"line":98,"column":24},"end":{"line":98,"column":45}},{"start":{"line":98,"column":50},"end":{"line":98,"column":54}}],"line":98},"5":{"loc":{"start":{"line":105,"column":17},"end":{"line":157,"column":11}},"type":"if","locations":[{"start":{"line":105,"column":17},"end":{"line":157,"column":11}},{"start":{"line":107,"column":17},"end":{"line":157,"column":11}}],"line":105},"6":{"loc":{"start":{"line":107,"column":17},"end":{"line":157,"column":11}},"type":"if","locations":[{"start":{"line":107,"column":17},"end":{"line":157,"column":11}},{"start":{"line":115,"column":17},"end":{"line":157,"column":11}}],"line":107},"7":{"loc":{"start":{"line":110,"column":23},"end":{"line":110,"column":52}},"type":"binary-expr","locations":[{"start":{"line":110,"column":24},"end":{"line":110,"column":45}},{"start":{"line":110,"column":50},"end":{"line":110,"column":52}}],"line":110},"8":{"loc":{"start":{"line":127,"column":29},"end":{"line":129,"column":30}},"type":"cond-expr","locations":[{"start":{"line":128,"column":16},"end":{"line":128,"column":95}},{"start":{"line":129,"column":16},"end":{"line":129,"column":30}}],"line":127},"9":{"loc":{"start":{"line":136,"column":22},"end":{"line":136,"column":83}},"type":"cond-expr","locations":[{"start":{"line":136,"column":36},"end":{"line":136,"column":70}},{"start":{"line":136,"column":74},"end":{"line":136,"column":83}}],"line":136},"10":{"loc":{"start":{"line":136,"column":36},"end":{"line":136,"column":70}},"type":"cond-expr","locations":[{"start":{"line":136,"column":51},"end":{"line":136,"column":57}},{"start":{"line":136,"column":60},"end":{"line":136,"column":70}}],"line":136},"11":{"loc":{"start":{"line":137,"column":23},"end":{"line":137,"column":52}},"type":"binary-expr","locations":[{"start":{"line":137,"column":24},"end":{"line":137,"column":45}},{"start":{"line":137,"column":50},"end":{"line":137,"column":52}}],"line":137},"12":{"loc":{"start":{"line":142,"column":12},"end":{"line":142,"column":42}},"type":"if","locations":[{"start":{"line":142,"column":12},"end":{"line":142,"column":42}},{"start":{},"end":{}}],"line":142},"13":{"loc":{"start":{"line":151,"column":30},"end":{"line":151,"column":78}},"type":"cond-expr","locations":[{"start":{"line":151,"column":45},"end":{"line":151,"column":60}},{"start":{"line":151,"column":63},"end":{"line":151,"column":78}}],"line":151},"14":{"loc":{"start":{"line":153,"column":30},"end":{"line":153,"column":76}},"type":"cond-expr","locations":[{"start":{"line":153,"column":45},"end":{"line":153,"column":61}},{"start":{"line":153,"column":64},"end":{"line":153,"column":76}}],"line":153},"15":{"loc":{"start":{"line":164,"column":15},"end":{"line":164,"column":69}},"type":"binary-expr","locations":[{"start":{"line":164,"column":15},"end":{"line":164,"column":23}},{"start":{"line":164,"column":27},"end":{"line":164,"column":69}}],"line":164}},"s":{"0":1,"1":18,"2":18,"3":18,"4":18,"5":18,"6":18,"7":0,"8":0,"9":0,"10":0,"11":0,"12":18,"13":0,"14":0,"15":18,"16":0,"17":18,"18":0,"19":18,"20":18,"21":0,"22":18,"23":18,"24":18,"25":4,"26":14,"27":4,"28":4,"29":18},"f":{"0":18,"1":18,"2":18,"3":0,"4":0,"5":0,"6":4,"7":4},"b":{"0":[0,18],"1":[0,0],"2":[0,0],"3":[0,18],"4":[0,0],"5":[0,18],"6":[0,18],"7":[0,0],"8":[0,18],"9":[14,4],"10":[3,11],"11":[18,0],"12":[4,14],"13":[3,11],"14":[3,11],"15":[18,0]},"_coverageSchema":"1a1c01bbd47fc00a2c39e90264f33305004495a9","hash":"d279459dc4a637b3b31fd6da9054e7a383e1a3c2"}
,"D:\\Code\\hockey-tracker\\client\\src\\components\\Icon\\Icon.tsx": {"path":"D:\\Code\\hockey-tracker\\client\\src\\components\\Icon\\Icon.tsx","statementMap":{"0":{"start":{"line":50,"column":49},"end":{"line":95,"column":1}},"1":{"start":{"line":104,"column":13},"end":{"line":122,"column":1}},"2":{"start":{"line":105,"column":15},"end":{"line":105,"column":29}},"3":{"start":{"line":106,"column":2},"end":{"line":106,"column":25}},"4":{"start":{"line":106,"column":13},"end":{"line":106,"column":25}},"5":{"start":{"line":108,"column":37},"end":{"line":108,"column":94}},"6":{"start":{"line":110,"column":2},"end":{"line":121,"column":4}}},"fnMap":{"0":{"name":"(anonymous_0)","decl":{"start":{"line":104,"column":13},"end":{"line":104,"column":14}},"loc":{"start":{"line":104,"column":72},"end":{"line":122,"column":1}},"line":104}},"branchMap":{"0":{"loc":{"start":{"line":104,"column":28},"end":{"line":104,"column":42}},"type":"default-arg","locations":[{"start":{"line":104,"column":40},"end":{"line":104,"column":42}}],"line":104},"1":{"loc":{"start":{"line":104,"column":44},"end":{"line":104,"column":54}},"type":"default-arg","locations":[{"start":{"line":104,"column":52},"end":{"line":104,"column":54}}],"line":104},"2":{"loc":{"start":{"line":106,"column":2},"end":{"line":106,"column":25}},"type":"if","locations":[{"start":{"line":106,"column":2},"end":{"line":106,"column":25}},{"start":{},"end":{}}],"line":106},"3":{"loc":{"start":{"line":108,"column":37},"end":{"line":108,"column":94}},"type":"cond-expr","locations":[{"start":{"line":108,"column":44},"end":{"line":108,"column":86}},{"start":{"line":108,"column":89},"end":{"line":108,"column":94}}],"line":108},"4":{"loc":{"start":{"line":113,"column":17},"end":{"line":113,"column":39}},"type":"binary-expr","locations":[{"start":{"line":113,"column":17},"end":{"line":113,"column":26}},{"start":{"line":113,"column":30},"end":{"line":113,"column":39}}],"line":113},"5":{"loc":{"start":{"line":115,"column":8},"end":{"line":117,"column":21}},"type":"cond-expr","locations":[{"start":{"line":116,"column":13},"end":{"line":116,"column":81}},{"start":{"line":117,"column":12},"end":{"line":117,"column":21}}],"line":115}},"s":{"0":11,"1":11,"2":295,"3":295,"4":2,"5":293,"6":293},"f":{"0":295},"b":{"0":[224],"1":[293],"2":[2,293],"3":[140,153],"4":[293,222],"5":[141,152]},"_coverageSchema":"1a1c01bbd47fc00a2c39e90264f33305004495a9","hash":"bf74d5de1cfe990f8e306af2126606b07404e769"}
,"D:\\Code\\hockey-tracker\\client\\src\\components\\Modal\\Modal.tsx": {"path":"D:\\Code\\hockey-tracker\\client\\src\\components\\Modal\\Modal.tsx","statementMap":{"0":{"start":{"line":12,"column":14},"end":{"line":39,"column":1}},"1":{"start":{"line":13,"column":2},"end":{"line":13,"column":25}},"2":{"start":{"line":13,"column":13},"end":{"line":13,"column":25}},"3":{"start":{"line":14,"column":2},"end":{"line":38,"column":4}},"4":{"start":{"line":21,"column":24},"end":{"line":21,"column":43}}},"fnMap":{"0":{"name":"(anonymous_0)","decl":{"start":{"line":12,"column":14},"end":{"line":12,"column":15}},"loc":{"start":{"line":12,"column":61},"end":{"line":39,"column":1}},"line":12},"1":{"name":"(anonymous_1)","decl":{"start":{"line":21,"column":17},"end":{"line":21,"column":18}},"loc":{"start":{"line":21,"column":24},"end":{"line":21,"column":43}},"line":21}},"branchMap":{"0":{"loc":{"start":{"line":13,"column":2},"end":{"line":13,"column":25}},"type":"if","locations":[{"start":{"line":13,"column":2},"end":{"line":13,"column":25}},{"start":{},"end":{}}],"line":13}},"s":{"0":3,"1":44,"2":28,"3":16,"4":5},"f":{"0":44,"1":5},"b":{"0":[28,16]},"_coverageSchema":"1a1c01bbd47fc00a2c39e90264f33305004495a9","hash":"e90ddfbe7202c62b27ae75716e494c879d5bcb53"}
,"D:\\Code\\hockey-tracker\\client\\src\\components\\PageHeader\\PageHeader.tsx": {"path":"D:\\Code\\hockey-tracker\\client\\src\\components\\PageHeader\\PageHeader.tsx","statementMap":{"0":{"start":{"line":8,"column":45},"end":{"line":11,"column":1}},"1":{"start":{"line":13,"column":17},"end":{"line":19,"column":1}},"2":{"start":{"line":14,"column":2},"end":{"line":14,"column":60}},"3":{"start":{"line":14,"column":30},"end":{"line":14,"column":60}},"4":{"start":{"line":15,"column":2},"end":{"line":15,"column":79}},"5":{"start":{"line":15,"column":57},"end":{"line":15,"column":79}},"6":{"start":{"line":16,"column":2},"end":{"line":16,"column":72}},"7":{"start":{"line":16,"column":48},"end":{"line":16,"column":72}},"8":{"start":{"line":17,"column":2},"end":{"line":17,"column":68}},"9":{"start":{"line":17,"column":46},"end":{"line":17,"column":68}},"10":{"start":{"line":18,"column":2},"end":{"line":18,"column":12}},"11":{"start":{"line":21,"column":20},"end":{"line":28,"column":18}},"12":{"start":{"line":22,"column":2},"end":{"line":28,"column":18}},"13":{"start":{"line":25,"column":16},"end":{"line":25,"column":20}},"14":{"start":{"line":30,"column":19},"end":{"line":126,"column":1}},"15":{"start":{"line":31,"column":23},"end":{"line":31,"column":36}},"16":{"start":{"line":32,"column":19},"end":{"line":32,"column":32}},"17":{"start":{"line":33,"column":27},"end":{"line":33,"column":36}},"18":{"start":{"line":35,"column":42},"end":{"line":35,"column":57}},"19":{"start":{"line":36,"column":22},"end":{"line":36,"column":50}},"20":{"start":{"line":38,"column":16},"end":{"line":38,"column":34}},"21":{"start":{"line":39,"column":18},"end":{"line":39,"column":40}},"22":{"start":{"line":40,"column":23},"end":{"line":40,"column":52}},"23":{"start":{"line":42,"column":2},"end":{"line":50,"column":9}},"24":{"start":{"line":43,"column":20},"end":{"line":47,"column":5}},"25":{"start":{"line":44,"column":6},"end":{"line":46,"column":7}},"26":{"start":{"line":45,"column":8},"end":{"line":45,"column":31}},"27":{"start":{"line":48,"column":4},"end":{"line":48,"column":52}},"28":{"start":{"line":49,"column":4},"end":{"line":49,"column":68}},"29":{"start":{"line":49,"column":17},"end":{"line":49,"column":67}},"30":{"start":{"line":52,"column":24},"end":{"line":55,"column":3}},"31":{"start":{"line":53,"column":4},"end":{"line":53,"column":19}},"32":{"start":{"line":54,"column":4},"end":{"line":54,"column":23}},"33":{"start":{"line":57,"column":28},"end":{"line":59,"column":3}},"34":{"start":{"line":58,"column":4},"end":{"line":58,"column":61}},"35":{"start":{"line":61,"column":2},"end":{"line":125,"column":4}},"36":{"start":{"line":86,"column":29},"end":{"line":86,"column":55}},"37":{"start":{"line":86,"column":52},"end":{"line":86,"column":54}}},"fnMap":{"0":{"name":"(anonymous_0)","decl":{"start":{"line":13,"column":17},"end":{"line":13,"column":18}},"loc":{"start":{"line":13,"column":47},"end":{"line":19,"column":1}},"line":13},"1":{"name":"(anonymous_1)","decl":{"start":{"line":21,"column":20},"end":{"line":21,"column":21}},"loc":{"start":{"line":22,"column":2},"end":{"line":28,"column":18}},"line":22},"2":{"name":"(anonymous_2)","decl":{"start":{"line":25,"column":9},"end":{"line":25,"column":10}},"loc":{"start":{"line":25,"column":16},"end":{"line":25,"column":20}},"line":25},"3":{"name":"(anonymous_3)","decl":{"start":{"line":30,"column":19},"end":{"line":30,"column":20}},"loc":{"start":{"line":30,"column":25},"end":{"line":126,"column":1}},"line":30},"4":{"name":"(anonymous_4)","decl":{"start":{"line":42,"column":12},"end":{"line":42,"column":13}},"loc":{"start":{"line":42,"column":18},"end":{"line":50,"column":3}},"line":42},"5":{"name":"(anonymous_5)","decl":{"start":{"line":43,"column":20},"end":{"line":43,"column":21}},"loc":{"start":{"line":43,"column":39},"end":{"line":47,"column":5}},"line":43},"6":{"name":"(anonymous_6)","decl":{"start":{"line":49,"column":11},"end":{"line":49,"column":12}},"loc":{"start":{"line":49,"column":17},"end":{"line":49,"column":67}},"line":49},"7":{"name":"(anonymous_7)","decl":{"start":{"line":52,"column":24},"end":{"line":52,"column":25}},"loc":{"start":{"line":52,"column":36},"end":{"line":55,"column":3}},"line":52},"8":{"name":"(anonymous_8)","decl":{"start":{"line":57,"column":28},"end":{"line":57,"column":29}},"loc":{"start":{"line":57,"column":34},"end":{"line":59,"column":3}},"line":57},"9":{"name":"(anonymous_9)","decl":{"start":{"line":86,"column":23},"end":{"line":86,"column":24}},"loc":{"start":{"line":86,"column":29},"end":{"line":86,"column":55}},"line":86},"10":{"name":"(anonymous_10)","decl":{"start":{"line":86,"column":45},"end":{"line":86,"column":46}},"loc":{"start":{"line":86,"column":52},"end":{"line":86,"column":54}},"line":86}},"branchMap":{"0":{"loc":{"start":{"line":14,"column":2},"end":{"line":14,"column":60}},"type":"if","locations":[{"start":{"line":14,"column":2},"end":{"line":14,"column":60}},{"start":{},"end":{}}],"line":14},"1":{"loc":{"start":{"line":15,"column":2},"end":{"line":15,"column":79}},"type":"if","locations":[{"start":{"line":15,"column":2},"end":{"line":15,"column":79}},{"start":{},"end":{}}],"line":15},"2":{"loc":{"start":{"line":16,"column":2},"end":{"line":16,"column":72}},"type":"if","locations":[{"start":{"line":16,"column":2},"end":{"line":16,"column":72}},{"start":{},"end":{}}],"line":16},"3":{"loc":{"start":{"line":17,"column":2},"end":{"line":17,"column":68}},"type":"if","locations":[{"start":{"line":17,"column":2},"end":{"line":17,"column":68}},{"start":{},"end":{}}],"line":17},"4":{"loc":{"start":{"line":22,"column":3},"end":{"line":22,"column":13}},"type":"binary-expr","locations":[{"start":{"line":22,"column":3},"end":{"line":22,"column":7}},{"start":{"line":22,"column":11},"end":{"line":22,"column":13}}],"line":22},"5":{"loc":{"start":{"line":44,"column":6},"end":{"line":46,"column":7}},"type":"if","locations":[{"start":{"line":44,"column":6},"end":{"line":46,"column":7}},{"start":{},"end":{}}],"line":44},"6":{"loc":{"start":{"line":44,"column":10},"end":{"line":44,"column":80}},"type":"binary-expr","locations":[{"start":{"line":44,"column":10},"end":{"line":44,"column":29}},{"start":{"line":44,"column":33},"end":{"line":44,"column":80}}],"line":44},"7":{"loc":{"start":{"line":58,"column":13},"end":{"line":58,"column":59}},"type":"cond-expr","locations":[{"start":{"line":58,"column":28},"end":{"line":58,"column":40}},{"start":{"line":58,"column":43},"end":{"line":58,"column":59}}],"line":58},"8":{"loc":{"start":{"line":63,"column":36},"end":{"line":63,"column":86}},"type":"binary-expr","locations":[{"start":{"line":63,"column":36},"end":{"line":63,"column":41}},{"start":{"line":63,"column":45},"end":{"line":63,"column":86}}],"line":63},"9":{"loc":{"start":{"line":66,"column":9},"end":{"line":122,"column":9}},"type":"binary-expr","locations":[{"start":{"line":66,"column":9},"end":{"line":66,"column":13}},{"start":{"line":67,"column":10},"end":{"line":121,"column":16}}],"line":66},"10":{"loc":{"start":{"line":71,"column":13},"end":{"line":83,"column":13}},"type":"binary-expr","locations":[{"start":{"line":71,"column":13},"end":{"line":71,"column":20}},{"start":{"line":72,"column":14},"end":{"line":82,"column":24}}],"line":71},"11":{"loc":{"start":{"line":88,"column":15},"end":{"line":98,"column":15}},"type":"cond-expr","locations":[{"start":{"line":89,"column":16},"end":{"line":93,"column":18}},{"start":{"line":95,"column":16},"end":{"line":97,"column":23}}],"line":88},"12":{"loc":{"start":{"line":91,"column":23},"end":{"line":91,"column":60}},"type":"binary-expr","locations":[{"start":{"line":91,"column":23},"end":{"line":91,"column":40}},{"start":{"line":91,"column":44},"end":{"line":91,"column":60}}],"line":91},"13":{"loc":{"start":{"line":96,"column":31},"end":{"line":96,"column":68}},"type":"binary-expr","locations":[{"start":{"line":96,"column":31},"end":{"line":96,"column":48}},{"start":{"line":96,"column":52},"end":{"line":96,"column":68}}],"line":96},"14":{"loc":{"start":{"line":99,"column":52},"end":{"line":99,"column":89}},"type":"binary-expr","locations":[{"start":{"line":99,"column":52},"end":{"line":99,"column":69}},{"start":{"line":99,"column":73},"end":{"line":99,"column":89}}],"line":99},"15":{"loc":{"start":{"line":103,"column":27},"end":{"line":103,"column":77}},"type":"cond-expr","locations":[{"start":{"line":103,"column":42},"end":{"line":103,"column":60}},{"start":{"line":103,"column":63},"end":{"line":103,"column":77}}],"line":103},"16":{"loc":{"start":{"line":107,"column":13},"end":{"line":120,"column":13}},"type":"binary-expr","locations":[{"start":{"line":107,"column":13},"end":{"line":107,"column":25}},{"start":{"line":108,"column":14},"end":{"line":119,"column":20}}],"line":107}},"s":{"0":1,"1":1,"2":22,"3":18,"4":4,"5":1,"6":3,"7":1,"8":2,"9":0,"10":2,"11":1,"12":20,"13":40,"14":1,"15":22,"16":22,"17":22,"18":22,"19":22,"20":22,"21":22,"22":22,"23":22,"24":18,"25":1,"26":1,"27":18,"28":18,"29":18,"30":22,"31":1,"32":1,"33":22,"34":2,"35":22,"36":3,"37":3},"f":{"0":22,"1":20,"2":40,"3":22,"4":18,"5":1,"6":18,"7":1,"8":2,"9":3,"10":3},"b":{"0":[18,4],"1":[1,3],"2":[1,2],"3":[0,2],"4":[20,0],"5":[1,0],"6":[1,1],"7":[1,1],"8":[22,20],"9":[22,21],"10":[21,19],"11":[1,20],"12":[1,0],"13":[20,1],"14":[21,1],"15":[3,18],"16":[21,3]},"_coverageSchema":"1a1c01bbd47fc00a2c39e90264f33305004495a9","hash":"8ea3cad5fce98d86630b00e52ee08bfbe15d1866"}
,"D:\\Code\\hockey-tracker\\client\\src\\components\\Select\\Select.tsx": {"path":"D:\\Code\\hockey-tracker\\client\\src\\components\\Select\\Select.tsx","statementMap":{"0":{"start":{"line":21,"column":15},"end":{"line":146,"column":1}},"1":{"start":{"line":28,"column":26},"end":{"line":28,"column":41}},"2":{"start":{"line":29,"column":14},"end":{"line":29,"column":42}},"3":{"start":{"line":30,"column":17},"end":{"line":30,"column":24}},"4":{"start":{"line":32,"column":2},"end":{"line":41,"column":13}},"5":{"start":{"line":33,"column":4},"end":{"line":33,"column":22}},"6":{"start":{"line":33,"column":15},"end":{"line":33,"column":22}},"7":{"start":{"line":34,"column":20},"end":{"line":38,"column":5}},"8":{"start":{"line":35,"column":6},"end":{"line":37,"column":7}},"9":{"start":{"line":36,"column":8},"end":{"line":36,"column":23}},"10":{"start":{"line":39,"column":4},"end":{"line":39,"column":52}},"11":{"start":{"line":40,"column":4},"end":{"line":40,"column":68}},"12":{"start":{"line":40,"column":17},"end":{"line":40,"column":67}},"13":{"start":{"line":43,"column":24},"end":{"line":61,"column":3}},"14":{"start":{"line":44,"column":4},"end":{"line":60,"column":5}},"15":{"start":{"line":45,"column":6},"end":{"line":45,"column":21}},"16":{"start":{"line":46,"column":11},"end":{"line":60,"column":5}},"17":{"start":{"line":47,"column":6},"end":{"line":47,"column":25}},"18":{"start":{"line":48,"column":6},"end":{"line":51,"column":7}},"19":{"start":{"line":49,"column":8},"end":{"line":49,"column":22}},"20":{"start":{"line":50,"column":8},"end":{"line":50,"column":15}},"21":{"start":{"line":52,"column":27},"end":{"line":52,"column":70}},"22":{"start":{"line":52,"column":52},"end":{"line":52,"column":69}},"23":{"start":{"line":54,"column":8},"end":{"line":56,"column":41}},"24":{"start":{"line":57,"column":6},"end":{"line":57,"column":36}},"25":{"start":{"line":58,"column":11},"end":{"line":60,"column":5}},"26":{"start":{"line":59,"column":6},"end":{"line":59,"column":31}},"27":{"start":{"line":59,"column":17},"end":{"line":59,"column":31}},"28":{"start":{"line":63,"column":19},"end":{"line":63,"column":65}},"29":{"start":{"line":63,"column":39},"end":{"line":63,"column":56}},"30":{"start":{"line":65,"column":2},"end":{"line":145,"column":4}},"31":{"start":{"line":82,"column":23},"end":{"line":82,"column":54}},"32":{"start":{"line":82,"column":51},"end":{"line":82,"column":53}},"33":{"start":{"line":115,"column":12},"end":{"line":140,"column":17}},"34":{"start":{"line":125,"column":18},"end":{"line":125,"column":38}},"35":{"start":{"line":126,"column":18},"end":{"line":126,"column":33}}},"fnMap":{"0":{"name":"(anonymous_0)","decl":{"start":{"line":21,"column":15},"end":{"line":21,"column":16}},"loc":{"start":{"line":27,"column":13},"end":{"line":146,"column":1}},"line":27},"1":{"name":"(anonymous_1)","decl":{"start":{"line":32,"column":12},"end":{"line":32,"column":13}},"loc":{"start":{"line":32,"column":18},"end":{"line":41,"column":3}},"line":32},"2":{"name":"(anonymous_2)","decl":{"start":{"line":34,"column":20},"end":{"line":34,"column":21}},"loc":{"start":{"line":34,"column":39},"end":{"line":38,"column":5}},"line":34},"3":{"name":"(anonymous_3)","decl":{"start":{"line":40,"column":11},"end":{"line":40,"column":12}},"loc":{"start":{"line":40,"column":17},"end":{"line":40,"column":67}},"line":40},"4":{"name":"(anonymous_4)","decl":{"start":{"line":43,"column":24},"end":{"line":43,"column":25}},"loc":{"start":{"line":43,"column":46},"end":{"line":61,"column":3}},"line":43},"5":{"name":"(anonymous_5)","decl":{"start":{"line":52,"column":45},"end":{"line":52,"column":46}},"loc":{"start":{"line":52,"column":52},"end":{"line":52,"column":69}},"line":52},"6":{"name":"(anonymous_6)","decl":{"start":{"line":63,"column":32},"end":{"line":63,"column":33}},"loc":{"start":{"line":63,"column":39},"end":{"line":63,"column":56}},"line":63},"7":{"name":"(anonymous_7)","decl":{"start":{"line":82,"column":17},"end":{"line":82,"column":18}},"loc":{"start":{"line":82,"column":23},"end":{"line":82,"column":54}},"line":82},"8":{"name":"(anonymous_8)","decl":{"start":{"line":82,"column":44},"end":{"line":82,"column":45}},"loc":{"start":{"line":82,"column":51},"end":{"line":82,"column":53}},"line":82},"9":{"name":"(anonymous_9)","decl":{"start":{"line":114,"column":23},"end":{"line":114,"column":24}},"loc":{"start":{"line":115,"column":12},"end":{"line":140,"column":17}},"line":115},"10":{"name":"(anonymous_10)","decl":{"start":{"line":124,"column":25},"end":{"line":124,"column":26}},"loc":{"start":{"line":124,"column":31},"end":{"line":127,"column":17}},"line":124}},"branchMap":{"0":{"loc":{"start":{"line":24,"column":2},"end":{"line":24,"column":28}},"type":"default-arg","locations":[{"start":{"line":24,"column":16},"end":{"line":24,"column":28}}],"line":24},"1":{"loc":{"start":{"line":26,"column":2},"end":{"line":26,"column":18}},"type":"default-arg","locations":[{"start":{"line":26,"column":13},"end":{"line":26,"column":18}}],"line":26},"2":{"loc":{"start":{"line":33,"column":4},"end":{"line":33,"column":22}},"type":"if","locations":[{"start":{"line":33,"column":4},"end":{"line":33,"column":22}},{"start":{},"end":{}}],"line":33},"3":{"loc":{"start":{"line":35,"column":6},"end":{"line":37,"column":7}},"type":"if","locations":[{"start":{"line":35,"column":6},"end":{"line":37,"column":7}},{"start":{},"end":{}}],"line":35},"4":{"loc":{"start":{"line":35,"column":10},"end":{"line":35,"column":64}},"type":"binary-expr","locations":[{"start":{"line":35,"column":10},"end":{"line":35,"column":21}},{"start":{"line":35,"column":25},"end":{"line":35,"column":64}}],"line":35},"5":{"loc":{"start":{"line":44,"column":4},"end":{"line":60,"column":5}},"type":"if","locations":[{"start":{"line":44,"column":4},"end":{"line":60,"column":5}},{"start":{"line":46,"column":11},"end":{"line":60,"column":5}}],"line":44},"6":{"loc":{"start":{"line":46,"column":11},"end":{"line":60,"column":5}},"type":"if","locations":[{"start":{"line":46,"column":11},"end":{"line":60,"column":5}},{"start":{"line":58,"column":11},"end":{"line":60,"column":5}}],"line":46},"7":{"loc":{"start":{"line":46,"column":15},"end":{"line":46,"column":59}},"type":"binary-expr","locations":[{"start":{"line":46,"column":15},"end":{"line":46,"column":36}},{"start":{"line":46,"column":40},"end":{"line":46,"column":59}}],"line":46},"8":{"loc":{"start":{"line":48,"column":6},"end":{"line":51,"column":7}},"type":"if","locations":[{"start":{"line":48,"column":6},"end":{"line":51,"column":7}},{"start":{},"end":{}}],"line":48},"9":{"loc":{"start":{"line":54,"column":8},"end":{"line":56,"column":41}},"type":"cond-expr","locations":[{"start":{"line":55,"column":12},"end":{"line":55,"column":58}},{"start":{"line":56,"column":12},"end":{"line":56,"column":41}}],"line":54},"10":{"loc":{"start":{"line":58,"column":11},"end":{"line":60,"column":5}},"type":"if","locations":[{"start":{"line":58,"column":11},"end":{"line":60,"column":5}},{"start":{},"end":{}}],"line":58},"11":{"loc":{"start":{"line":58,"column":15},"end":{"line":58,"column":49}},"type":"binary-expr","locations":[{"start":{"line":58,"column":15},"end":{"line":58,"column":32}},{"start":{"line":58,"column":36},"end":{"line":58,"column":49}}],"line":58},"12":{"loc":{"start":{"line":59,"column":6},"end":{"line":59,"column":31}},"type":"if","locations":[{"start":{"line":59,"column":6},"end":{"line":59,"column":31}},{"start":{},"end":{}}],"line":59},"13":{"loc":{"start":{"line":63,"column":19},"end":{"line":63,"column":65}},"type":"binary-expr","locations":[{"start":{"line":63,"column":19},"end":{"line":63,"column":57}},{"start":{"line":63,"column":61},"end":{"line":63,"column":65}}],"line":63},"14":{"loc":{"start":{"line":79,"column":10},"end":{"line":79,"column":36}},"type":"binary-expr","locations":[{"start":{"line":79,"column":10},"end":{"line":79,"column":14}},{"start":{"line":79,"column":18},"end":{"line":79,"column":36}}],"line":79},"15":{"loc":{"start":{"line":80,"column":10},"end":{"line":80,"column":44}},"type":"binary-expr","locations":[{"start":{"line":80,"column":10},"end":{"line":80,"column":18}},{"start":{"line":80,"column":22},"end":{"line":80,"column":44}}],"line":80},"16":{"loc":{"start":{"line":82,"column":23},"end":{"line":82,"column":54}},"type":"binary-expr","locations":[{"start":{"line":82,"column":23},"end":{"line":82,"column":32}},{"start":{"line":82,"column":36},"end":{"line":82,"column":54}}],"line":82},"17":{"loc":{"start":{"line":85,"column":9},"end":{"line":100,"column":9}},"type":"cond-expr","locations":[{"start":{"line":86,"column":10},"end":{"line":97,"column":17}},{"start":{"line":99,"column":10},"end":{"line":99,"column":67}}],"line":85},"18":{"loc":{"start":{"line":87,"column":13},"end":{"line":95,"column":20}},"type":"cond-expr","locations":[{"start":{"line":88,"column":14},"end":{"line":92,"column":16}},{"start":{"line":93,"column":16},"end":{"line":95,"column":20}}],"line":87},"19":{"loc":{"start":{"line":93,"column":16},"end":{"line":95,"column":20}},"type":"cond-expr","locations":[{"start":{"line":94,"column":14},"end":{"line":94,"column":86}},{"start":{"line":95,"column":16},"end":{"line":95,"column":20}}],"line":93},"20":{"loc":{"start":{"line":104,"column":38},"end":{"line":104,"column":62}},"type":"binary-expr","locations":[{"start":{"line":104,"column":38},"end":{"line":104,"column":42}},{"start":{"line":104,"column":46},"end":{"line":104,"column":62}}],"line":104},"21":{"loc":{"start":{"line":108,"column":7},"end":{"line":143,"column":7}},"type":"binary-expr","locations":[{"start":{"line":108,"column":7},"end":{"line":108,"column":11}},{"start":{"line":109,"column":8},"end":{"line":142,"column":13}}],"line":108},"22":{"loc":{"start":{"line":123,"column":45},"end":{"line":123,"column":87}},"type":"binary-expr","locations":[{"start":{"line":123,"column":45},"end":{"line":123,"column":64}},{"start":{"line":123,"column":68},"end":{"line":123,"column":87}}],"line":123},"23":{"loc":{"start":{"line":129,"column":17},"end":{"line":137,"column":24}},"type":"cond-expr","locations":[{"start":{"line":130,"column":18},"end":{"line":134,"column":20}},{"start":{"line":135,"column":20},"end":{"line":137,"column":24}}],"line":129},"24":{"loc":{"start":{"line":135,"column":20},"end":{"line":137,"column":24}},"type":"cond-expr","locations":[{"start":{"line":136,"column":18},"end":{"line":136,"column":85}},{"start":{"line":137,"column":20},"end":{"line":137,"column":24}}],"line":135}},"s":{"0":1,"1":0,"2":0,"3":0,"4":0,"5":0,"6":0,"7":0,"8":0,"9":0,"10":0,"11":0,"12":0,"13":0,"14":0,"15":0,"16":0,"17":0,"18":0,"19":0,"20":0,"21":0,"22":0,"23":0,"24":0,"25":0,"26":0,"27":0,"28":0,"29":0,"30":0,"31":0,"32":0,"33":0,"34":0,"35":0},"f":{"0":0,"1":0,"2":0,"3":0,"4":0,"5":0,"6":0,"7":0,"8":0,"9":0,"10":0},"b":{"0":[0],"1":[0],"2":[0,0],"3":[0,0],"4":[0,0],"5":[0,0],"6":[0,0],"7":[0,0],"8":[0,0],"9":[0,0],"10":[0,0],"11":[0,0],"12":[0,0],"13":[0,0],"14":[0,0],"15":[0,0],"16":[0,0],"17":[0,0],"18":[0,0],"19":[0,0],"20":[0,0],"21":[0,0],"22":[0,0],"23":[0,0],"24":[0,0]},"_coverageSchema":"1a1c01bbd47fc00a2c39e90264f33305004495a9","hash":"a76bc6bda06a53a7df6e1155c4878a3ba33af1c1"}
,"D:\\Code\\hockey-tracker\\client\\src\\components\\Table\\Table.tsx": {"path":"D:\\Code\\hockey-tracker\\client\\src\\components\\Table\\Table.tsx","statementMap":{"0":{"start":{"line":40,"column":19},"end":{"line":62,"column":1}},"1":{"start":{"line":41,"column":2},"end":{"line":41,"column":52}},"2":{"start":{"line":41,"column":29},"end":{"line":41,"column":52}},"3":{"start":{"line":42,"column":2},"end":{"line":42,"column":88}},"4":{"start":{"line":42,"column":27},"end":{"line":42,"column":88}},"5":{"start":{"line":43,"column":2},"end":{"line":60,"column":3}},"6":{"start":{"line":44,"column":16},"end":{"line":44,"column":32}},"7":{"start":{"line":45,"column":17},"end":{"line":45,"column":33}},"8":{"start":{"line":46,"column":17},"end":{"line":46,"column":33}},"9":{"start":{"line":47,"column":4},"end":{"line":59,"column":6}},"10":{"start":{"line":61,"column":2},"end":{"line":61,"column":36}},"11":{"start":{"line":65,"column":22},"end":{"line":69,"column":1}},"12":{"start":{"line":66,"column":2},"end":{"line":66,"column":71}},"13":{"start":{"line":66,"column":52},"end":{"line":66,"column":71}},"14":{"start":{"line":67,"column":2},"end":{"line":67,"column":43}},"15":{"start":{"line":67,"column":20},"end":{"line":67,"column":43}},"16":{"start":{"line":68,"column":2},"end":{"line":68,"column":19}},"17":{"start":{"line":71,"column":23},"end":{"line":72,"column":79}},"18":{"start":{"line":72,"column":2},"end":{"line":72,"column":79}},"19":{"start":{"line":86,"column":14},"end":{"line":180,"column":1}},"20":{"start":{"line":97,"column":2},"end":{"line":104,"column":3}},"21":{"start":{"line":98,"column":4},"end":{"line":103,"column":6}},"22":{"start":{"line":106,"column":2},"end":{"line":179,"column":4}},"23":{"start":{"line":112,"column":29},"end":{"line":112,"column":47}},"24":{"start":{"line":113,"column":31},"end":{"line":113,"column":83}},"25":{"start":{"line":115,"column":16},"end":{"line":120,"column":29}},"26":{"start":{"line":117,"column":37},"end":{"line":117,"column":83}},"27":{"start":{"line":118,"column":22},"end":{"line":118,"column":47}},"28":{"start":{"line":122,"column":14},"end":{"line":144,"column":16}},"29":{"start":{"line":160,"column":14},"end":{"line":173,"column":19}},"30":{"start":{"line":162,"column":44},"end":{"line":162,"column":59}},"31":{"start":{"line":166,"column":18},"end":{"line":171,"column":23}}},"fnMap":{"0":{"name":"(anonymous_0)","decl":{"start":{"line":40,"column":19},"end":{"line":40,"column":20}},"loc":{"start":{"line":40,"column":62},"end":{"line":62,"column":1}},"line":40},"1":{"name":"(anonymous_1)","decl":{"start":{"line":65,"column":22},"end":{"line":65,"column":23}},"loc":{"start":{"line":65,"column":66},"end":{"line":69,"column":1}},"line":65},"2":{"name":"(anonymous_2)","decl":{"start":{"line":71,"column":23},"end":{"line":71,"column":24}},"loc":{"start":{"line":72,"column":2},"end":{"line":72,"column":79}},"line":72},"3":{"name":"(anonymous_3)","decl":{"start":{"line":86,"column":14},"end":{"line":86,"column":15}},"loc":{"start":{"line":96,"column":21},"end":{"line":180,"column":1}},"line":96},"4":{"name":"(anonymous_4)","decl":{"start":{"line":111,"column":25},"end":{"line":111,"column":26}},"loc":{"start":{"line":111,"column":34},"end":{"line":145,"column":13}},"line":111},"5":{"name":"(anonymous_5)","decl":{"start":{"line":116,"column":20},"end":{"line":116,"column":21}},"loc":{"start":{"line":116,"column":26},"end":{"line":119,"column":21}},"line":116},"6":{"name":"(anonymous_6)","decl":{"start":{"line":159,"column":21},"end":{"line":159,"column":22}},"loc":{"start":{"line":160,"column":14},"end":{"line":173,"column":19}},"line":160},"7":{"name":"(anonymous_7)","decl":{"start":{"line":162,"column":38},"end":{"line":162,"column":39}},"loc":{"start":{"line":162,"column":44},"end":{"line":162,"column":59}},"line":162},"8":{"name":"(anonymous_8)","decl":{"start":{"line":165,"column":29},"end":{"line":165,"column":30}},"loc":{"start":{"line":166,"column":18},"end":{"line":171,"column":23}},"line":166}},"branchMap":{"0":{"loc":{"start":{"line":41,"column":2},"end":{"line":41,"column":52}},"type":"if","locations":[{"start":{"line":41,"column":2},"end":{"line":41,"column":52}},{"start":{},"end":{}}],"line":41},"1":{"loc":{"start":{"line":42,"column":2},"end":{"line":42,"column":88}},"type":"if","locations":[{"start":{"line":42,"column":2},"end":{"line":42,"column":88}},{"start":{},"end":{}}],"line":42},"2":{"loc":{"start":{"line":43,"column":2},"end":{"line":60,"column":3}},"type":"if","locations":[{"start":{"line":43,"column":2},"end":{"line":60,"column":3}},{"start":{},"end":{}}],"line":43},"3":{"loc":{"start":{"line":49,"column":9},"end":{"line":57,"column":9}},"type":"cond-expr","locations":[{"start":{"line":50,"column":10},"end":{"line":54,"column":12}},{"start":{"line":56,"column":10},"end":{"line":56,"column":76}}],"line":49},"4":{"loc":{"start":{"line":61,"column":16},"end":{"line":61,"column":34}},"type":"binary-expr","locations":[{"start":{"line":61,"column":16},"end":{"line":61,"column":28}},{"start":{"line":61,"column":32},"end":{"line":61,"column":34}}],"line":61},"5":{"loc":{"start":{"line":66,"column":2},"end":{"line":66,"column":71}},"type":"if","locations":[{"start":{"line":66,"column":2},"end":{"line":66,"column":71}},{"start":{},"end":{}}],"line":66},"6":{"loc":{"start":{"line":66,"column":6},"end":{"line":66,"column":50}},"type":"binary-expr","locations":[{"start":{"line":66,"column":6},"end":{"line":66,"column":27}},{"start":{"line":66,"column":31},"end":{"line":66,"column":50}}],"line":66},"7":{"loc":{"start":{"line":67,"column":2},"end":{"line":67,"column":43}},"type":"if","locations":[{"start":{"line":67,"column":2},"end":{"line":67,"column":43}},{"start":{},"end":{}}],"line":67},"8":{"loc":{"start":{"line":72,"column":2},"end":{"line":72,"column":79}},"type":"cond-expr","locations":[{"start":{"line":72,"column":23},"end":{"line":72,"column":31}},{"start":{"line":72,"column":34},"end":{"line":72,"column":79}}],"line":72},"9":{"loc":{"start":{"line":72,"column":34},"end":{"line":72,"column":79}},"type":"cond-expr","locations":[{"start":{"line":72,"column":54},"end":{"line":72,"column":64}},{"start":{"line":72,"column":67},"end":{"line":72,"column":79}}],"line":72},"10":{"loc":{"start":{"line":90,"column":2},"end":{"line":90,"column":17}},"type":"default-arg","locations":[{"start":{"line":90,"column":12},"end":{"line":90,"column":17}}],"line":90},"11":{"loc":{"start":{"line":91,"column":2},"end":{"line":91,"column":36}},"type":"default-arg","locations":[{"start":{"line":91,"column":17},"end":{"line":91,"column":36}}],"line":91},"12":{"loc":{"start":{"line":93,"column":2},"end":{"line":93,"column":17}},"type":"default-arg","locations":[{"start":{"line":93,"column":12},"end":{"line":93,"column":17}}],"line":93},"13":{"loc":{"start":{"line":97,"column":2},"end":{"line":104,"column":3}},"type":"if","locations":[{"start":{"line":97,"column":2},"end":{"line":104,"column":3}},{"start":{},"end":{}}],"line":97},"14":{"loc":{"start":{"line":113,"column":31},"end":{"line":113,"column":83}},"type":"binary-expr","locations":[{"start":{"line":113,"column":31},"end":{"line":113,"column":43}},{"start":{"line":113,"column":47},"end":{"line":113,"column":55}},{"start":{"line":113,"column":59},"end":{"line":113,"column":83}}],"line":113},"15":{"loc":{"start":{"line":115,"column":16},"end":{"line":120,"column":29}},"type":"cond-expr","locations":[{"start":{"line":116,"column":20},"end":{"line":119,"column":21}},{"start":{"line":120,"column":20},"end":{"line":120,"column":29}}],"line":115},"16":{"loc":{"start":{"line":115,"column":16},"end":{"line":115,"column":38}},"type":"binary-expr","locations":[{"start":{"line":115,"column":16},"end":{"line":115,"column":28}},{"start":{"line":115,"column":32},"end":{"line":115,"column":38}}],"line":115},"17":{"loc":{"start":{"line":117,"column":37},"end":{"line":117,"column":83}},"type":"cond-expr","locations":[{"start":{"line":117,"column":69},"end":{"line":117,"column":75}},{"start":{"line":117,"column":78},"end":{"line":117,"column":83}}],"line":117},"18":{"loc":{"start":{"line":117,"column":37},"end":{"line":117,"column":66}},"type":"binary-expr","locations":[{"start":{"line":117,"column":37},"end":{"line":117,"column":45}},{"start":{"line":117,"column":49},"end":{"line":117,"column":66}}],"line":117},"19":{"loc":{"start":{"line":125,"column":25},"end":{"line":125,"column":73}},"type":"cond-expr","locations":[{"start":{"line":125,"column":37},"end":{"line":125,"column":61}},{"start":{"line":125,"column":64},"end":{"line":125,"column":73}}],"line":125},"20":{"loc":{"start":{"line":126,"column":29},"end":{"line":126,"column":73}},"type":"cond-expr","locations":[{"start":{"line":126,"column":44},"end":{"line":126,"column":61}},{"start":{"line":126,"column":64},"end":{"line":126,"column":73}}],"line":126},"21":{"loc":{"start":{"line":128,"column":19},"end":{"line":142,"column":19}},"type":"cond-expr","locations":[{"start":{"line":129,"column":20},"end":{"line":139,"column":29}},{"start":{"line":141,"column":20},"end":{"line":141,"column":30}}],"line":128},"22":{"loc":{"start":{"line":128,"column":19},"end":{"line":128,"column":46}},"type":"binary-expr","locations":[{"start":{"line":128,"column":19},"end":{"line":128,"column":31}},{"start":{"line":128,"column":35},"end":{"line":128,"column":46}}],"line":128},"23":{"loc":{"start":{"line":136,"column":30},"end":{"line":136,"column":96}},"type":"cond-expr","locations":[{"start":{"line":136,"column":42},"end":{"line":136,"column":86}},{"start":{"line":136,"column":90},"end":{"line":136,"column":96}}],"line":136},"24":{"loc":{"start":{"line":136,"column":42},"end":{"line":136,"column":86}},"type":"cond-expr","locations":[{"start":{"line":136,"column":62},"end":{"line":136,"column":72}},{"start":{"line":136,"column":75},"end":{"line":136,"column":86}}],"line":136},"25":{"loc":{"start":{"line":137,"column":56},"end":{"line":137,"column":95}},"type":"cond-expr","locations":[{"start":{"line":137,"column":67},"end":{"line":137,"column":90}},{"start":{"line":137,"column":93},"end":{"line":137,"column":95}}],"line":137},"26":{"loc":{"start":{"line":149,"column":11},"end":{"line":175,"column":11}},"type":"cond-expr","locations":[{"start":{"line":150,"column":12},"end":{"line":157,"column":17}},{"start":{"line":159,"column":12},"end":{"line":174,"column":14}}],"line":149},"27":{"loc":{"start":{"line":162,"column":25},"end":{"line":162,"column":71}},"type":"cond-expr","locations":[{"start":{"line":162,"column":38},"end":{"line":162,"column":59}},{"start":{"line":162,"column":62},"end":{"line":162,"column":71}}],"line":162},"28":{"loc":{"start":{"line":163,"column":27},"end":{"line":163,"column":71}},"type":"cond-expr","locations":[{"start":{"line":163,"column":40},"end":{"line":163,"column":59}},{"start":{"line":163,"column":62},"end":{"line":163,"column":71}}],"line":163},"29":{"loc":{"start":{"line":168,"column":27},"end":{"line":168,"column":75}},"type":"cond-expr","locations":[{"start":{"line":168,"column":39},"end":{"line":168,"column":63}},{"start":{"line":168,"column":66},"end":{"line":168,"column":75}}],"line":168}},"s":{"0":1,"1":30,"2":8,"3":22,"4":8,"5":14,"6":0,"7":0,"8":0,"9":0,"10":14,"11":1,"12":21,"13":6,"14":15,"15":15,"16":0,"17":1,"18":0,"19":1,"20":10,"21":1,"22":9,"23":21,"24":21,"25":21,"26":0,"27":0,"28":21,"29":14,"30":0,"31":30},"f":{"0":30,"1":21,"2":0,"3":10,"4":21,"5":0,"6":14,"7":0,"8":30},"b":{"0":[8,22],"1":[8,14],"2":[0,14],"3":[0,0],"4":[14,0],"5":[6,15],"6":[21,15],"7":[15,0],"8":[0,0],"9":[0,0],"10":[9],"11":[9],"12":[10],"13":[1,9],"14":[21,0,0],"15":[0,21],"16":[21,0],"17":[0,0],"18":[0,0],"19":[2,19],"20":[0,21],"21":[0,21],"22":[21,0],"23":[0,0],"24":[0,0],"25":[0,0],"26":[2,7],"27":[0,14],"28":[0,14],"29":[4,26]},"_coverageSchema":"1a1c01bbd47fc00a2c39e90264f33305004495a9","hash":"c929b892ef091e712d38d630c53d9955d6d18de5"}
[...]
{"line":161,"column":1}},"line":20},"1":{"name":"(anonymous_1)","decl":{"start":{"line":28,"column":27},"end":{"line":28,"column":28}},"loc":{"start":{"line":28,"column":71},"end":{"line":34,"column":3}},"line":28},"2":{"name":"(anonymous_2)","decl":{"start":{"line":55,"column":64},"end":{"line":55,"column":65}},"loc":{"start":{"line":55,"column":70},"end":{"line":55,"column":99}},"line":55},"3":{"name":"(anonymous_3)","decl":{"start":{"line":115,"column":27},"end":{"line":115,"column":28}},"loc":{"start":{"line":115,"column":39},"end":{"line":121,"column":19}},"line":115},"4":{"name":"(anonymous_4)","decl":{"start":{"line":130,"column":27},"end":{"line":130,"column":28}},"loc":{"start":{"line":130,"column":33},"end":{"line":130,"column":61}},"line":130},"5":{"name":"(anonymous_5)","decl":{"start":{"line":139,"column":23},"end":{"line":139,"column":24}},"loc":{"start":{"line":139,"column":29},"end":{"line":139,"column":107}},"line":139},"6":{"name":"(anonymous_6)","decl":{"start":{"line":142,"column":25},"end":{"line":142,"column":26}},"loc":{"start":{"line":142,"column":32},"end":{"line":147,"column":15}},"line":142}},"branchMap":{"0":{"loc":{"start":{"line":30,"column":4},"end":{"line":30,"column":22}},"type":"if","locations":[{"start":{"line":30,"column":4},"end":{"line":30,"column":22}},{"start":{},"end":{}}],"line":30},"1":{"loc":{"start":{"line":33,"column":4},"end":{"line":33,"column":58}},"type":"if","locations":[{"start":{"line":33,"column":4},"end":{"line":33,"column":58}},{"start":{},"end":{}}],"line":33},"2":{"loc":{"start":{"line":40,"column":11},"end":{"line":49,"column":11}},"type":"cond-expr","locations":[{"start":{"line":41,"column":12},"end":{"line":41,"column":79}},{"start":{"line":43,"column":12},"end":{"line":48,"column":19}}],"line":40},"3":{"loc":{"start":{"line":50,"column":11},"end":{"line":59,"column":11}},"type":"cond-expr","locations":[{"start":{"line":51,"column":12},"end":{"line":53,"column":18}},{"start":{"line":55,"column":12},"end":{"line":58,"column":21}}],"line":50},"4":{"loc":{"start":{"line":99,"column":11},"end":{"line":156,"column":11}},"type":"cond-expr","locations":[{"start":{"line":100,"column":12},"end":{"line":135,"column":18}},{"start":{"line":137,"column":12},"end":{"line":155,"column":18}}],"line":99},"5":{"loc":{"start":{"line":111,"column":20},"end":{"line":113,"column":48}},"type":"binary-expr","locations":[{"start":{"line":111,"column":20},"end":{"line":111,"column":37}},{"start":{"line":112,"column":20},"end":{"line":113,"column":48}}],"line":111},"6":{"loc":{"start":{"line":112,"column":21},"end":{"line":112,"column":80}},"type":"cond-expr","locations":[{"start":{"line":112,"column":60},"end":{"line":112,"column":62}},{"start":{"line":112,"column":65},"end":{"line":112,"column":80}}],"line":112},"7":{"loc":{"start":{"line":113,"column":23},"end":{"line":113,"column":47}},"type":"binary-expr","locations":[{"start":{"line":113,"column":23},"end":{"line":113,"column":41}},{"start":{"line":113,"column":45},"end":{"line":113,"column":47}}],"line":113},"8":{"loc":{"start":{"line":117,"column":39},"end":{"line":117,"column":98}},"type":"cond-expr","locations":[{"start":{"line":117,"column":78},"end":{"line":117,"column":80}},{"start":{"line":117,"column":83},"end":{"line":117,"column":98}}],"line":117},"9":{"loc":{"start":{"line":120,"column":20},"end":{"line":120,"column":57}},"type":"if","locations":[{"start":{"line":120,"column":20},"end":{"line":120,"column":57}},{"start":{},"end":{}}],"line":120},"10":{"loc":{"start":{"line":123,"column":19},"end":{"line":123,"column":57}},"type":"cond-expr","locations":[{"start":{"line":123,"column":39},"end":{"line":123,"column":48}},{"start":{"line":123,"column":51},"end":{"line":123,"column":57}}],"line":123},"11":{"loc":{"start":{"line":139,"column":50},"end":{"line":139,"column":74}},"type":"binary-expr","locations":[{"start":{"line":139,"column":50},"end":{"line":139,"column":68}},{"start":{"line":139,"column":72},"end":{"line":139,"column":74}}],"line":139},"12":{"loc":{"start":{"line":143,"column":16},"end":{"line":146,"column":17}},"type":"if","locations":[{"start":{"line":143,"column":16},"end":{"line":146,"column":17}},{"start":{},"end":{}}],"line":143},"13":{"loc":{"start":{"line":143,"column":20},"end":{"line":143,"column":54}},"type":"binary-expr","locations":[{"start":{"line":143,"column":20},"end":{"line":143,"column":37}},{"start":{"line":143,"column":41},"end":{"line":143,"column":54}}],"line":143},"14":{"loc":{"start":{"line":144,"column":37},"end":{"line":144,"column":61}},"type":"binary-expr","locations":[{"start":{"line":144,"column":37},"end":{"line":144,"column":55}},{"start":{"line":144,"column":59},"end":{"line":144,"column":61}}],"line":144},"15":{"loc":{"start":{"line":149,"column":15},"end":{"line":153,"column":15}},"type":"cond-expr","locations":[{"start":{"line":150,"column":16},"end":{"line":150,"column":109}},{"start":{"line":152,"column":16},"end":{"line":152,"column":90}}],"line":149},"16":{"loc":{"start":{"line":149,"column":15},"end":{"line":149,"column":69}},"type":"binary-expr","locations":[{"start":{"line":149,"column":15},"end":{"line":149,"column":33}},{"start":{"line":149,"column":37},"end":{"line":149,"column":69}}],"line":149}},"s":{"0":1,"1":19,"2":19,"3":19,"4":19,"5":19,"6":19,"7":0,"8":0,"9":0,"10":0,"11":0,"12":0,"13":0,"14":19,"15":0,"16":0,"17":0,"18":0,"19":0,"20":0,"21":0,"22":0,"23":0,"24":0,"25":0,"26":0,"27":0},"f":{"0":19,"1":0,"2":0,"3":0,"4":0,"5":0,"6":0},"b":{"0":[0,0],"1":[0,0],"2":[1,18],"3":[0,19],"4":[0,19],"5":[0,0],"6":[0,0],"7":[0,0],"8":[0,0],"9":[0,0],"10":[0,0],"11":[0,0],"12":[0,0],"13":[0,0],"14":[0,0],"15":[0,19],"16":[19,0]},"_coverageSchema":"1a1c01bbd47fc00a2c39e90264f33305004495a9","hash":"ded76382a6a14f219c9578b53a8c5f2967611429"}
,"D:\\Code\\hockey-tracker\\client\\src\\pages\\admin\\leagues\\LeagueSeasonsCard.tsx": {"path":"D:\\Code\\hockey-tracker\\client\\src\\pages\\admin\\leagues\\LeagueSeasonsCard.tsx","statementMap":{"0":{"start":{"line":16,"column":19},"end":{"line":24,"column":9}},"1":{"start":{"line":17,"column":2},"end":{"line":24,"column":9}},"2":{"start":{"line":26,"column":26},"end":{"line":90,"column":1}},"3":{"start":{"line":35,"column":2},"end":{"line":89,"column":9}},"4":{"start":{"line":55,"column":10},"end":{"line":85,"column":15}},"5":{"start":{"line":73,"column":31},"end":{"line":73,"column":40}},"6":{"start":{"line":82,"column":31},"end":{"line":82,"column":42}}},"fnMap":{"0":{"name":"(anonymous_0)","decl":{"start":{"line":16,"column":19},"end":{"line":16,"column":20}},"loc":{"start":{"line":17,"column":2},"end":{"line":24,"column":9}},"line":17},"1":{"name":"(anonymous_1)","decl":{"start":{"line":26,"column":26},"end":{"line":26,"column":27}},"loc":{"start":{"line":35,"column":2},"end":{"line":89,"column":9}},"line":35},"2":{"name":"(anonymous_2)","decl":{"start":{"line":54,"column":21},"end":{"line":54,"column":22}},"loc":{"start":{"line":55,"column":10},"end":{"line":85,"column":15}},"line":55},"3":{"name":"(anonymous_3)","decl":{"start":{"line":73,"column":25},"end":{"line":73,"column":26}},"loc":{"start":{"line":73,"column":31},"end":{"line":73,"column":40}},"line":73},"4":{"name":"(anonymous_4)","decl":{"start":{"line":82,"column":25},"end":{"line":82,"column":26}},"loc":{"start":{"line":82,"column":31},"end":{"line":82,"column":42}},"line":82}},"branchMap":{"0":{"loc":{"start":{"line":17,"column":2},"end":{"line":24,"column":9}},"type":"cond-expr","locations":[{"start":{"line":18,"column":6},"end":{"line":23,"column":28}},{"start":{"line":24,"column":6},"end":{"line":24,"column":9}}],"line":17},"1":{"loc":{"start":{"line":48,"column":5},"end":{"line":88,"column":5}},"type":"cond-expr","locations":[{"start":{"line":49,"column":6},"end":{"line":49,"column":51}},{"start":{"line":50,"column":8},"end":{"line":88,"column":5}}],"line":48},"2":{"loc":{"start":{"line":50,"column":8},"end":{"line":88,"column":5}},"type":"cond-expr","locations":[{"start":{"line":51,"column":6},"end":{"line":51,"column":74}},{"start":{"line":53,"column":6},"end":{"line":87,"column":11}}],"line":50},"3":{"loc":{"start":{"line":53,"column":45},"end":{"line":53,"column":95}},"type":"cond-expr","locations":[{"start":{"line":53,"column":66},"end":{"line":53,"column":90}},{"start":{"line":53,"column":93},"end":{"line":53,"column":95}}],"line":53},"4":{"loc":{"start":{"line":61,"column":15},"end":{"line":63,"column":28}},"type":"cond-expr","locations":[{"start":{"line":62,"column":18},"end":{"line":62,"column":72}},{"start":{"line":63,"column":18},"end":{"line":63,"column":28}}],"line":61},"5":{"loc":{"start":{"line":61,"column":15},"end":{"line":61,"column":41}},"type":"binary-expr","locations":[{"start":{"line":61,"column":15},"end":{"line":61,"column":27}},{"start":{"line":61,"column":31},"end":{"line":61,"column":41}}],"line":61}},"s":{"0":1,"1":2,"2":1,"3":19,"4":1,"5":0,"6":0},"f":{"0":2,"1":19,"2":1,"3":0,"4":0},"b":{"0":[2,0],"1":[0,19],"2":[18,1],"3":[0,1],"4":[1,0],"5":[1,0]},"_coverageSchema":"1a1c01bbd47fc00a2c39e90264f33305004495a9","hash":"79de4c3201afb5fb9556b25d7c7be69582258037"}
,"D:\\Code\\hockey-tracker\\client\\src\\pages\\login\\Login.tsx": {"path":"D:\\Code\\hockey-tracker\\client\\src\\pages\\login\\Login.tsx","statementMap":{"0":{"start":{"line":12,"column":18},"end":{"line":121,"column":1}},"1":{"start":{"line":13,"column":20},"end":{"line":13,"column":29}},"2":{"start":{"line":14,"column":19},"end":{"line":14,"column":32}},"3":{"start":{"line":16,"column":26},"end":{"line":16,"column":63}},"4":{"start":{"line":17,"column":32},"end":{"line":17,"column":47}},"5":{"start":{"line":18,"column":42},"end":{"line":18,"column":57}},"6":{"start":{"line":20,"column":23},"end":{"line":22,"column":3}},"7":{"start":{"line":21,"column":4},"end":{"line":21,"column":70}},"8":{"start":{"line":21,"column":23},"end":{"line":21,"column":67}},"9":{"start":{"line":24,"column":23},"end":{"line":36,"column":3}},"10":{"start":{"line":25,"column":4},"end":{"line":25,"column":23}},"11":{"start":{"line":26,"column":4},"end":{"line":26,"column":21}},"12":{"start":{"line":27,"column":4},"end":{"line":35,"column":5}},"13":{"start":{"line":28,"column":6},"end":{"line":28,"column":24}},"14":{"start":{"line":29,"column":6},"end":{"line":29,"column":29}},"15":{"start":{"line":31,"column":16},"end":{"line":31,"column":67}},"16":{"start":{"line":32,"column":6},"end":{"line":32,"column":81}},"17":{"start":{"line":34,"column":6},"end":{"line":34,"column":24}},"18":{"start":{"line":38,"column":2},"end":{"line":120,"column":4}},"19":{"start":{"line":85,"column":31},"end":{"line":85,"column":57}},"20":{"start":{"line":85,"column":54},"end":{"line":85,"column":56}}},"fnMap":{"0":{"name":"(anonymous_0)","decl":{"start":{"line":12,"column":18},"end":{"line":12,"column":19}},"loc":{"start":{"line":12,"column":24},"end":{"line":121,"column":1}},"line":12},"1":{"name":"(anonymous_1)","decl":{"start":{"line":20,"column":23},"end":{"line":20,"column":24}},"loc":{"start":{"line":20,"column":67},"end":{"line":22,"column":3}},"line":20},"2":{"name":"(anonymous_2)","decl":{"start":{"line":21,"column":12},"end":{"line":21,"column":13}},"loc":{"start":{"line":21,"column":23},"end":{"line":21,"column":67}},"line":21},"3":{"name":"(anonymous_3)","decl":{"start":{"line":24,"column":23},"end":{"line":24,"column":24}},"loc":{"start":{"line":24,"column":70},"end":{"line":36,"column":3}},"line":24},"4":{"name":"(anonymous_4)","decl":{"start":{"line":85,"column":25},"end":{"line":85,"column":26}},"loc":{"start":{"line":85,"column":31},"end":{"line":85,"column":57}},"line":85},"5":{"name":"(anonymous_5)","decl":{"start":{"line":85,"column":47},"end":{"line":85,"column":48}},"loc":{"start":{"line":85,"column":54},"end":{"line":85,"column":56}},"line":85}},"branchMap":{"0":{"loc":{"start":{"line":32,"column":18},"end":{"line":32,"column":79}},"type":"binary-expr","locations":[{"start":{"line":32,"column":18},"end":{"line":32,"column":42}},{"start":{"line":32,"column":46},"end":{"line":32,"column":79}}],"line":32},"1":{"loc":{"start":{"line":75,"column":22},"end":{"line":75,"column":56}},"type":"cond-expr","locations":[{"start":{"line":75,"column":37},"end":{"line":75,"column":43}},{"start":{"line":75,"column":46},"end":{"line":75,"column":56}}],"line":75},"2":{"loc":{"start":{"line":87,"column":28},"end":{"line":87,"column":76}},"type":"cond-expr","locations":[{"start":{"line":87,"column":43},"end":{"line":87,"column":58}},{"start":{"line":87,"column":61},"end":{"line":87,"column":76}}],"line":87},"3":{"loc":{"start":{"line":89,"column":28},"end":{"line":89,"column":74}},"type":"cond-expr","locations":[{"start":{"line":89,"column":43},"end":{"line":89,"column":59}},{"start":{"line":89,"column":62},"end":{"line":89,"column":74}}],"line":89},"4":{"loc":{"start":{"line":99,"column":13},"end":{"line":99,"column":48}},"type":"cond-expr","locations":[{"start":{"line":99,"column":23},"end":{"line":99,"column":36}},{"start":{"line":99,"column":39},"end":{"line":99,"column":48}}],"line":99}},"s":{"0":1,"1":7,"2":7,"3":7,"4":7,"5":7,"6":7,"7":0,"8":0,"9":7,"10":0,"11":0,"12":0,"13":0,"14":0,"15":0,"16":0,"17":0,"18":7,"19":3,"20":3},"f":{"0":7,"1":0,"2":0,"3":0,"4":3,"5":3},"b":{"0":[0,0],"1":[2,5],"2":[2,5],"3":[2,5],"4":[0,7]},"_coverageSchema":"1a1c01bbd47fc00a2c39e90264f33305004495a9","hash":"2409973ca8993335720557e1ea0187281cdf12ff"}
,"D:\\Code\\hockey-tracker\\client\\src\\pages\\signup\\Signup.tsx": {"path":"D:\\Code\\hockey-tracker\\client\\src\\pages\\signup\\Signup.tsx","statementMap":{"0":{"start":{"line":12,"column":19},"end":{"line":169,"column":1}},"1":{"start":{"line":13,"column":21},"end":{"line":13,"column":30}},"2":{"start":{"line":14,"column":19},"end":{"line":14,"column":32}},"3":{"start":{"line":16,"column":26},"end":{"line":16,"column":86}},"4":{"start":{"line":17,"column":32},"end":{"line":17,"column":47}},"5":{"start":{"line":18,"column":42},"end":{"line":18,"column":57}},"6":{"start":{"line":19,"column":40},"end":{"line":19,"column":55}},"7":{"start":{"line":21,"column":23},"end":{"line":23,"column":3}},"8":{"start":{"line":22,"column":4},"end":{"line":22,"column":70}},"9":{"start":{"line":22,"column":23},"end":{"line":22,"column":67}},"10":{"start":{"line":25,"column":23},"end":{"line":47,"column":3}},"11":{"start":{"line":26,"column":4},"end":{"line":26,"column":23}},"12":{"start":{"line":28,"column":4},"end":{"line":31,"column":5}},"13":{"start":{"line":29,"column":6},"end":{"line":29,"column":45}},"14":{"start":{"line":30,"column":6},"end":{"line":30,"column":13}},"15":{"start":{"line":32,"column":4},"end":{"line":35,"column":5}},"16":{"start":{"line":33,"column":6},"end":{"line":33,"column":61}},"17":{"start":{"line":34,"column":6},"end":{"line":34,"column":13}},"18":{"start":{"line":37,"column":4},"end":{"line":37,"column":21}},"19":{"start":{"line":38,"column":4},"end":{"line":46,"column":5}},"20":{"start":{"line":39,"column":6},"end":{"line":39,"column":84}},"21":{"start":{"line":40,"column":6},"end":{"line":40,"column":29}},"22":{"start":{"line":42,"column":16},"end":{"line":42,"column":67}},"23":{"start":{"line":43,"column":6},"end":{"line":43,"column":82}},"24":{"start":{"line":45,"column":6},"end":{"line":45,"column":24}},"25":{"start":{"line":49,"column":2},"end":{"line":168,"column":4}},"26":{"start":{"line":109,"column":31},"end":{"line":109,"column":57}},"27":{"start":{"line":109,"column":54},"end":{"line":109,"column":56}},"28":{"start":{"line":133,"column":31},"end":{"line":133,"column":56}},"29":{"start":{"line":133,"column":53},"end":{"line":133,"column":55}}},"fnMap":{"0":{"name":"(anonymous_0)","decl":{"start":{"line":12,"column":19},"end":{"line":12,"column":20}},"loc":{"start":{"line":12,"column":25},"end":{"line":169,"column":1}},"line":12},"1":{"name":"(anonymous_1)","decl":{"start":{"line":21,"column":23},"end":{"line":21,"column":24}},"loc":{"start":{"line":21,"column":67},"end":{"line":23,"column":3}},"line":21},"2":{"name":"(anonymous_2)","decl":{"start":{"line":22,"column":12},"end":{"line":22,"column":13}},"loc":{"start":{"line":22,"column":23},"end":{"line":22,"column":67}},"line":22},"3":{"name":"(anonymous_3)","decl":{"start":{"line":25,"column":23},"end":{"line":25,"column":24}},"loc":{"start":{"line":25,"column":70},"end":{"line":47,"column":3}},"line":25},"4":{"name":"(anonymous_4)","decl":{"start":{"line":109,"column":25},"end":{"line":109,"column":26}},"loc":{"start":{"line":109,"column":31},"end":{"line":109,"column":57}},"line":109},"5":{"name":"(anonymous_5)","decl":{"start":{"line":109,"column":47},"end":{"line":109,"column":48}},"loc":{"start":{"line":109,"column":54},"end":{"line":109,"column":56}},"line":109},"6":{"name":"(anonymous_6)","decl":{"start":{"line":133,"column":25},"end":{"line":133,"column":26}},"loc":{"start":{"line":133,"column":31},"end":{"line":133,"column":56}},"line":133},"7":{"name":"(anonymous_7)","decl":{"start":{"line":133,"column":46},"end":{"line":133,"column":47}},"loc":{"start":{"line":133,"column":53},"end":{"line":133,"column":55}},"line":133}},"branchMap":{"0":{"loc":{"start":{"line":28,"column":4},"end":{"line":31,"column":5}},"type":"if","locations":[{"start":{"line":28,"column":4},"end":{"line":31,"column":5}},{"start":{},"end":{}}],"line":28},"1":{"loc":{"start":{"line":32,"column":4},"end":{"line":35,"column":5}},"type":"if","locations":[{"start":{"line":32,"column":4},"end":{"line":35,"column":5}},{"start":{},"end":{}}],"line":32},"2":{"loc":{"start":{"line":43,"column":18},"end":{"line":43,"column":80}},"type":"binary-expr","locations":[{"start":{"line":43,"column":18},"end":{"line":43,"column":42}},{"start":{"line":43,"column":46},"end":{"line":43,"column":80}}],"line":43},"3":{"loc":{"start":{"line":99,"column":22},"end":{"line":99,"column":56}},"type":"cond-expr","locations":[{"start":{"line":99,"column":37},"end":{"line":99,"column":43}},{"start":{"line":99,"column":46},"end":{"line":99,"column":56}}],"line":99},"4":{"loc":{"start":{"line":111,"column":28},"end":{"line":111,"column":76}},"type":"cond-expr","locations":[{"start":{"line":111,"column":43},"end":{"line":111,"column":58}},{"start":{"line":111,"column":61},"end":{"line":111,"column":76}}],"line":111},"5":{"loc":{"start":{"line":113,"column":28},"end":{"line":113,"column":74}},"type":"cond-expr","locations":[{"start":{"line":113,"column":43},"end":{"line":113,"column":59}},{"start":{"line":113,"column":62},"end":{"line":113,"column":74}}],"line":113},"6":{"loc":{"start":{"line":123,"column":22},"end":{"line":123,"column":55}},"type":"cond-expr","locations":[{"start":{"line":123,"column":36},"end":{"line":123,"column":42}},{"start":{"line":123,"column":45},"end":{"line":123,"column":55}}],"line":123},"7":{"loc":{"start":{"line":135,"column":28},"end":{"line":135,"column":75}},"type":"cond-expr","locations":[{"start":{"line":135,"column":42},"end":{"line":135,"column":57}},{"start":{"line":135,"column":60},"end":{"line":135,"column":75}}],"line":135},"8":{"loc":{"start":{"line":137,"column":28},"end":{"line":137,"column":73}},"type":"cond-expr","locations":[{"start":{"line":137,"column":42},"end":{"line":137,"column":58}},{"start":{"line":137,"column":61},"end":{"line":137,"column":73}}],"line":137},"9":{"loc":{"start":{"line":147,"column":13},"end":{"line":147,"column":61}},"type":"cond-expr","locations":[{"start":{"line":147,"column":23},"end":{"line":147,"column":42}},{"start":{"line":147,"column":45},"end":{"line":147,"column":61}}],"line":147}},"s":{"0":1,"1":13,"2":13,"3":13,"4":13,"5":13,"6":13,"7":13,"8":0,"9":0,"10":13,"11":0,"12":0,"13":0,"14":0,"15":0,"16":0,"17":0,"18":0,"19":0,"20":0,"21":0,"22":0,"23":0,"24":0,"25":13,"26":4,"27":4,"28":2,"29":2},"f":{"0":13,"1":0,"2":0,"3":0,"4":4,"5":4,"6":2,"7":2},"b":{"0":[0,0],"1":[0,0],"2":[0,0],"3":[3,10],"4":[3,10],"5":[3,10],"6":[2,11],"7":[2,11],"8":[2,11],"9":[0,13]},"_coverageSchema":"1a1c01bbd47fc00a2c39e90264f33305004495a9","hash":"abfc6d2d7147b16232e6de86f176e4019dec434e"}
}
