TN:
SF:src\components\Breadcrumbs\Breadcrumbs.tsx
FN:14,(anonymous_0)
FN:22,(anonymous_1)
FN:38,(anonymous_2)
FNF:3
FNH:3
FNDA:30,(anonymous_0)
FNDA:58,(anonymous_1)
FNDA:1,(anonymous_2)
DA:14,2
DA:15,30
DA:17,30
DA:23,58
DA:24,58
DA:38,1
LF:6
LH:6
BRDA:29,0,0,58
BRDA:29,0,1,28
BRDA:35,1,0,27
BRDA:35,1,1,31
BRDA:35,2,0,58
BRDA:35,2,1,28
BRDA:43,3,0,30
BRDA:43,3,1,1
BRF:8
BRH:8
end_of_record
TN:
SF:src\components\Button\Button.tsx
FN:64,(anonymous_0)
FNF:1
FNH:1
FNDA:132,(anonymous_0)
DA:28,6
DA:49,6
DA:64,6
DA:76,132
DA:78,132
DA:87,132
DA:101,132
DA:102,35
DA:112,97
LF:9
LH:9
BRDA:65,0,0,68
BRDA:66,1,0,58
BRDA:67,2,0,89
BRDA:73,3,0,95
BRDA:76,4,0,132
BRDA:76,4,1,85
BRDA:82,5,0,132
BRDA:82,5,1,53
BRDA:91,6,0,132
BRDA:91,6,1,85
BRDA:101,7,0,35
BRDA:101,7,1,97
BRF:12
BRH:12
end_of_record
TN:
SF:src\components\Card\Card.tsx
FN:17,(anonymous_0)
FNF:1
FNH:1
FNDA:63,(anonymous_0)
DA:17,3
DA:25,63
DA:33,63
LF:3
LH:3
BRDA:18,0,0,43
BRDA:27,1,0,20
BRDA:27,1,1,43
BRDA:35,2,0,63
BRDA:35,2,1,39
BRDA:35,2,2,24
BRDA:37,3,0,24
BRDA:37,3,1,24
BRF:8
BRH:8
end_of_record
TN:
SF:src\components\ConfirmModal\ConfirmModal.tsx
FN:27,(anonymous_0)
FNF:1
FNH:1
FNDA:37,(anonymous_0)
DA:21,2
DA:27,2
DA:38,37
LF:3
LH:3
BRDA:33,0,0,11
BRDA:34,1,0,9
BRF:2
BRH:2
end_of_record
TN:
SF:src\components\DatePicker\DatePicker.tsx
FN:43,(anonymous_0)
FN:48,(anonymous_1)
FN:54,(anonymous_2)
FN:57,(anonymous_3)
FN:58,(anonymous_4)
FN:60,(anonymous_5)
FN:67,(anonymous_6)
FN:71,(anonymous_7)
FN:81,(anonymous_8)
FN:83,(anonymous_9)
FN:87,(anonymous_10)
FN:90,(anonymous_11)
FN:92,(anonymous_12)
FN:94,(anonymous_13)
FN:96,(anonymous_14)
FN:98,(anonymous_15)
FN:100,(anonymous_16)
FN:102,(anonymous_17)
FN:104,(anonymous_18)
FN:106,(anonymous_19)
FN:110,(anonymous_20)
FN:114,(anonymous_21)
FN:118,(anonymous_22)
FN:122,(anonymous_23)
FN:127,(anonymous_24)
FN:140,(anonymous_25)
FN:192,(anonymous_26)
FN:208,(anonymous_27)
FN:216,(anonymous_28)
FN:226,(anonymous_29)
FN:245,(anonymous_30)
FN:261,(anonymous_31)
FN:261,(anonymous_32)
FN:278,(anonymous_33)
FN:278,(anonymous_34)
FN:287,(anonymous_35)
FN:296,(anonymous_36)
FN:313,(anonymous_37)
FN:313,(anonymous_38)
FN:329,(anonymous_39)
FN:329,(anonymous_40)
FN:338,(anonymous_41)
FN:346,(anonymous_42)
FNF:43
FNH:0
FNDA:0,(anonymous_0)
FNDA:0,(anonymous_1)
FNDA:0,(anonymous_2)
FNDA:0,(anonymous_3)
FNDA:0,(anonymous_4)
FNDA:0,(anonymous_5)
FNDA:0,(anonymous_6)
FNDA:0,(anonymous_7)
FNDA:0,(anonymous_8)
FNDA:0,(anonymous_9)
FNDA:0,(anonymous_10)
FNDA:0,(anonymous_11)
FNDA:0,(anonymous_12)
FNDA:0,(anonymous_13)
FNDA:0,(anonymous_14)
FNDA:0,(anonymous_15)
FNDA:0,(anonymous_16)
FNDA:0,(anonymous_17)
FNDA:0,(anonymous_18)
FNDA:0,(anonymous_19)
FNDA:0,(anonymous_20)
FNDA:0,(anonymous_21)
FNDA:0,(anonymous_22)
FNDA:0,(anonymous_23)
FNDA:0,(anonymous_24)
FNDA:0,(anonymous_25)
FNDA:0,(anonymous_26)
FNDA:0,(anonymous_27)
FNDA:0,(anonymous_28)
FNDA:0,(anonymous_29)
FNDA:0,(anonymous_30)
FNDA:0,(anonymous_31)
FNDA:0,(anonymous_32)
FNDA:0,(anonymous_33)
FNDA:0,(anonymous_34)
FNDA:0,(anonymous_35)
FNDA:0,(anonymous_36)
FNDA:0,(anonymous_37)
FNDA:0,(anonymous_38)
FNDA:0,(anonymous_39)
FNDA:0,(anonymous_40)
FNDA:0,(anonymous_41)
FNDA:0,(anonymous_42)
DA:13,1
DA:27,1
DA:41,1
DA:43,1
DA:44,0
DA:45,0
DA:48,1
DA:49,0
DA:50,0
DA:51,0
DA:54,1
DA:55,0
DA:57,1
DA:58,1
DA:60,1
DA:61,0
DA:62,0
DA:63,0
DA:64,0
DA:65,0
DA:66,0
DA:67,0
DA:68,0
DA:71,0
DA:72,0
DA:73,0
DA:74,0
DA:75,0
DA:76,0
DA:81,0
DA:82,0
DA:83,0
DA:84,0
DA:86,0
DA:87,0
DA:90,0
DA:91,0
DA:92,0
DA:94,0
DA:95,0
DA:96,0
DA:97,0
DA:98,0
DA:100,0
DA:101,0
DA:102,0
DA:103,0
DA:104,0
DA:106,0
DA:107,0
DA:108,0
DA:110,0
DA:111,0
DA:112,0
DA:114,0
DA:115,0
DA:116,0
DA:118,0
DA:119,0
DA:120,0
DA:122,0
DA:123,0
DA:124,0
DA:125,0
DA:127,0
DA:128,0
DA:129,0
DA:132,0
DA:135,0
DA:136,0
DA:137,0
DA:138,0
DA:139,0
DA:140,0
DA:142,0
DA:192,0
DA:209,0
DA:217,0
DA:219,0
DA:220,0
DA:221,0
DA:226,0
DA:245,0
DA:261,0
DA:278,0
DA:288,0
DA:289,0
DA:290,0
DA:291,0
DA:296,0
DA:313,0
DA:329,0
DA:339,0
DA:340,0
DA:341,0
DA:346,0
LF:96
LH:9
BRDA:49,0,0,0
BRDA:49,0,1,0
BRDA:60,1,0,0
BRDA:65,2,0,0
BRDA:65,2,1,0
BRDA:66,3,0,0
BRDA:66,3,1,0
BRDA:67,4,0,0
BRDA:67,4,1,0
BRDA:73,5,0,0
BRDA:73,5,1,0
BRDA:82,6,0,0
BRDA:82,6,1,0
BRDA:84,7,0,0
BRDA:84,7,1,0
BRDA:84,8,0,0
BRDA:84,8,1,0
BRDA:95,9,0,0
BRDA:95,9,1,0
BRDA:101,10,0,0
BRDA:101,10,1,0
BRDA:132,11,0,0
BRDA:132,11,1,0
BRDA:158,12,0,0
BRDA:158,12,1,0
BRDA:159,13,0,0
BRDA:159,13,1,0
BRDA:161,14,0,0
BRDA:161,14,1,0
BRDA:173,15,0,0
BRDA:173,15,1,0
BRDA:176,16,0,0
BRDA:176,16,1,0
BRDA:217,17,0,0
BRDA:217,17,1,0
BRDA:219,18,0,0
BRDA:219,18,1,0
BRDA:219,18,2,0
BRDA:220,19,0,0
BRDA:220,19,1,0
BRDA:220,19,2,0
BRDA:225,20,0,0
BRDA:225,20,1,0
BRDA:225,21,0,0
BRDA:225,21,1,0
BRDA:225,22,0,0
BRDA:225,22,1,0
BRDA:241,23,0,0
BRDA:241,23,1,0
BRDA:255,24,0,0
BRDA:255,24,1,0
BRDA:289,25,0,0
BRDA:289,25,1,0
BRDA:290,26,0,0
BRDA:290,26,1,0
BRDA:295,27,0,0
BRDA:295,27,1,0
BRDA:295,28,0,0
BRDA:295,28,1,0
BRDA:295,29,0,0
BRDA:295,29,1,0
BRDA:307,30,0,0
BRDA:307,30,1,0
BRDA:345,31,0,0
BRDA:345,31,1,0
BRDA:345,32,0,0
BRDA:345,32,1,0
BRDA:345,33,0,0
BRDA:345,33,1,0
BRF:69
BRH:0
end_of_record
TN:
SF:src\components\Field\Field.tsx
FN:55,(anonymous_0)
FN:66,(anonymous_1)
FN:67,(anonymous_2)
FN:82,(anonymous_3)
FN:83,(anonymous_4)
FN:128,(anonymous_5)
FN:149,(anonymous_6)
FN:149,(anonymous_7)
FNF:8
FNH:5
FNDA:18,(anonymous_0)
FNDA:18,(anonymous_1)
FNDA:18,(anonymous_2)
FNDA:0,(anonymous_3)
FNDA:0,(anonymous_4)
FNDA:0,(anonymous_5)
FNDA:4,(anonymous_6)
FNDA:4,(anonymous_7)
DA:55,1
DA:56,18
DA:58,18
DA:59,18
DA:61,18
DA:67,18
DA:68,18
DA:79,0
DA:81,0
DA:82,0
DA:83,0
DA:84,0
DA:94,18
DA:95,0
DA:96,0
DA:105,18
DA:106,0
DA:107,18
DA:108,0
DA:125,18
DA:127,18
DA:128,0
DA:130,18
DA:132,18
DA:142,18
DA:143,14
DA:149,4
DA:160,18
LF:28
LH:18
BRDA:68,0,0,0
BRDA:68,0,1,18
BRDA:81,1,0,0
BRDA:81,1,1,0
BRDA:89,2,0,0
BRDA:89,2,1,0
BRDA:94,3,0,0
BRDA:94,3,1,18
BRDA:98,4,0,0
BRDA:98,4,1,0
BRDA:105,5,0,0
BRDA:105,5,1,18
BRDA:107,6,0,0
BRDA:107,6,1,18
BRDA:110,7,0,0
BRDA:110,7,1,0
BRDA:127,8,0,0
BRDA:127,8,1,18
BRDA:136,9,0,14
BRDA:136,9,1,4
BRDA:136,10,0,3
BRDA:136,10,1,11
BRDA:137,11,0,18
BRDA:137,11,1,0
BRDA:142,12,0,4
BRDA:142,12,1,14
BRDA:151,13,0,3
BRDA:151,13,1,11
BRDA:153,14,0,3
BRDA:153,14,1,11
BRDA:164,15,0,18
BRDA:164,15,1,0
BRF:32
BRH:17
end_of_record
TN:
SF:src\components\Icon\Icon.tsx
FN:104,(anonymous_0)
FNF:1
FNH:1
FNDA:295,(anonymous_0)
DA:50,11
DA:104,11
DA:105,295
DA:106,295
DA:108,293
DA:110,293
LF:6
LH:6
BRDA:104,0,0,224
BRDA:104,1,0,293
BRDA:106,2,0,2
BRDA:106,2,1,293
BRDA:108,3,0,140
BRDA:108,3,1,153
BRDA:113,4,0,293
BRDA:113,4,1,222
BRDA:115,5,0,141
BRDA:115,5,1,152
BRF:10
BRH:10
end_of_record
TN:
SF:src\components\Modal\Modal.tsx
FN:12,(anonymous_0)
FN:21,(anonymous_1)
FNF:2
FNH:2
FNDA:44,(anonymous_0)
FNDA:5,(anonymous_1)
DA:12,3
DA:13,44
DA:14,16
DA:21,5
LF:4
LH:4
BRDA:13,0,0,28
BRDA:13,0,1,16
BRF:2
BRH:2
end_of_record
TN:
SF:src\components\PageHeader\PageHeader.tsx
FN:13,(anonymous_0)
FN:21,(anonymous_1)
FN:25,(anonymous_2)
FN:30,(anonymous_3)
FN:42,(anonymous_4)
FN:43,(anonymous_5)
FN:49,(anonymous_6)
FN:52,(anonymous_7)
FN:57,(anonymous_8)
FN:86,(anonymous_9)
FN:86,(anonymous_10)
FNF:11
FNH:11
FNDA:22,(anonymous_0)
FNDA:20,(anonymous_1)
FNDA:40,(anonymous_2)
FNDA:22,(anonymous_3)
FNDA:18,(anonymous_4)
FNDA:1,(anonymous_5)
FNDA:18,(anonymous_6)
FNDA:1,(anonymous_7)
FNDA:2,(anonymous_8)
FNDA:3,(anonymous_9)
FNDA:3,(anonymous_10)
DA:8,1
DA:13,1
DA:14,22
DA:15,4
DA:16,3
DA:17,2
DA:18,2
DA:21,1
DA:22,20
DA:25,40
DA:30,1
DA:31,22
DA:32,22
DA:33,22
DA:35,22
DA:36,22
DA:38,22
DA:39,22
DA:40,22
DA:42,22
DA:43,18
DA:44,1
DA:45,1
DA:48,18
DA:49,18
DA:52,22
DA:53,1
DA:54,1
DA:57,22
DA:58,2
DA:61,22
DA:86,3
LF:32
LH:32
BRDA:14,0,0,18
BRDA:14,0,1,4
BRDA:15,1,0,1
BRDA:15,1,1,3
BRDA:16,2,0,1
BRDA:16,2,1,2
BRDA:17,3,0,0
BRDA:17,3,1,2
BRDA:22,4,0,20
BRDA:22,4,1,0
BRDA:44,5,0,1
BRDA:44,5,1,0
BRDA:44,6,0,1
BRDA:44,6,1,1
BRDA:58,7,0,1
BRDA:58,7,1,1
BRDA:63,8,0,22
BRDA:63,8,1,20
BRDA:66,9,0,22
BRDA:66,9,1,21
BRDA:71,10,0,21
BRDA:71,10,1,19
BRDA:88,11,0,1
BRDA:88,11,1,20
BRDA:91,12,0,1
BRDA:91,12,1,0
BRDA:96,13,0,20
BRDA:96,13,1,1
BRDA:99,14,0,21
BRDA:99,14,1,1
BRDA:103,15,0,3
BRDA:103,15,1,18
BRDA:107,16,0,21
BRDA:107,16,1,3
BRF:34
BRH:30
end_of_record
TN:
SF:src\components\Select\Select.tsx
FN:21,(anonymous_0)
FN:32,(anonymous_1)
FN:34,(anonymous_2)
FN:40,(anonymous_3)
FN:43,(anonymous_4)
FN:52,(anonymous_5)
FN:63,(anonymous_6)
FN:82,(anonymous_7)
FN:82,(anonymous_8)
FN:114,(anonymous_9)
FN:124,(anonymous_10)
FNF:11
FNH:0
FNDA:0,(anonymous_0)
FNDA:0,(anonymous_1)
FNDA:0,(anonymous_2)
FNDA:0,(anonymous_3)
FNDA:0,(anonymous_4)
FNDA:0,(anonymous_5)
FNDA:0,(anonymous_6)
FNDA:0,(anonymous_7)
FNDA:0,(anonymous_8)
FNDA:0,(anonymous_9)
FNDA:0,(anonymous_10)
DA:21,1
DA:28,0
DA:29,0
DA:30,0
DA:32,0
DA:33,0
DA:34,0
DA:35,0
DA:36,0
DA:39,0
DA:40,0
DA:43,0
DA:44,0
DA:45,0
DA:46,0
DA:47,0
DA:48,0
DA:49,0
DA:50,0
DA:52,0
DA:54,0
DA:57,0
DA:58,0
DA:59,0
DA:63,0
DA:65,0
DA:82,0
DA:115,0
DA:125,0
DA:126,0
LF:30
LH:1
BRDA:24,0,0,0
BRDA:26,1,0,0
BRDA:33,2,0,0
BRDA:33,2,1,0
BRDA:35,3,0,0
BRDA:35,3,1,0
BRDA:35,4,0,0
BRDA:35,4,1,0
BRDA:44,5,0,0
BRDA:44,5,1,0
BRDA:46,6,0,0
BRDA:46,6,1,0
BRDA:46,7,0,0
BRDA:46,7,1,0
BRDA:48,8,0,0
BRDA:48,8,1,0
BRDA:54,9,0,0
BRDA:54,9,1,0
BRDA:58,10,0,0
BRDA:58,10,1,0
BRDA:58,11,0,0
BRDA:58,11,1,0
BRDA:59,12,0,0
BRDA:59,12,1,0
BRDA:63,13,0,0
BRDA:63,13,1,0
BRDA:79,14,0,0
BRDA:79,14,1,0
BRDA:80,15,0,0
BRDA:80,15,1,0
BRDA:82,16,0,0
BRDA:82,16,1,0
BRDA:85,17,0,0
BRDA:85,17,1,0
BRDA:87,18,0,0
BRDA:87,18,1,0
BRDA:93,19,0,0
BRDA:93,19,1,0
BRDA:104,20,0,0
BRDA:104,20,1,0
BRDA:108,21,0,0
BRDA:108,21,1,0
BRDA:123,22,0,0
BRDA:123,22,1,0
BRDA:129,23,0,0
BRDA:129,23,1,0
BRDA:135,24,0,0
BRDA:135,24,1,0
BRF:48
BRH:0
end_of_record
TN:
SF:src\components\Table\Table.tsx
FN:40,(anonymous_0)
FN:65,(anonymous_1)
FN:71,(anonymous_2)
FN:86,(anonymous_3)
FN:111,(anonymous_4)
FN:116,(anonymous_5)
FN:159,(anonymous_6)
FN:162,(anonymous_7)
FN:165,(anonymous_8)
FNF:9
FNH:6
FNDA:30,(anonymous_0)
FNDA:21,(anonymous_1)
FNDA:0,(anonymous_2)
FNDA:10,(anonymous_3)
FNDA:21,(anonymous_4)
FNDA:0,(anonymous_5)
FNDA:14,(anonymous_6)
FNDA:0,(anonymous_7)
FNDA:30,(anonymous_8)
DA:40,1
DA:41,30
DA:42,22
DA:43,14
DA:44,0
DA:45,0
DA:46,0
DA:47,0
DA:61,14
DA:65,1
DA:66,21
DA:67,15
DA:68,0
DA:71,1
DA:72,0
DA:86,1
DA:97,10
DA:98,1
DA:106,9
DA:112,21
DA:113,21
DA:115,21
DA:117,0
DA:118,0
DA:122,21
DA:160,14
DA:162,0
DA:166,30
LF:28
LH:19
BRDA:41,0,0,8
BRDA:41,0,1,22
BRDA:42,1,0,8
BRDA:42,1,1,14
BRDA:43,2,0,0
BRDA:43,2,1,14
BRDA:49,3,0,0
BRDA:49,3,1,0
BRDA:61,4,0,14
BRDA:61,4,1,0
BRDA:66,5,0,6
BRDA:66,5,1,15
BRDA:66,6,0,21
BRDA:66,6,1,15
BRDA:67,7,0,15
BRDA:67,7,1,0
BRDA:72,8,0,0
BRDA:72,8,1,0
BRDA:72,9,0,0
BRDA:72,9,1,0
BRDA:90,10,0,9
BRDA:91,11,0,9
BRDA:93,12,0,10
BRDA:97,13,0,1
BRDA:97,13,1,9
BRDA:113,14,0,21
BRDA:113,14,1,0
BRDA:113,14,2,0
BRDA:115,15,0,0
BRDA:115,15,1,21
BRDA:115,16,0,21
BRDA:115,16,1,0
BRDA:117,17,0,0
BRDA:117,17,1,0
BRDA:117,18,0,0
BRDA:117,18,1,0
BRDA:125,19,0,2
BRDA:125,19,1,19
BRDA:126,20,0,0
BRDA:126,20,1,21
BRDA:128,21,0,0
BRDA:128,21,1,21
BRDA:128,22,0,21
BRDA:128,22,1,0
BRDA:136,23,0,0
BRDA:136,23,1,0
BRDA:136,24,0,0
BRDA:136,24,1,0
BRDA:137,25,0,0
BRDA:137,25,1,0
BRDA:149,26,0,2
BRDA:149,26,1,7
BRDA:162,27,0,0
BRDA:162,27,1,14
BRDA:163,28,0,0
BRDA:163,28,1,14
BRDA:168,29,0,4
BRDA:168,29,1,26
BRF:58
BRH:30
end_of_record
TN:
SF:src\components\Tabs\Tabs.tsx
FN:18,(anonymous_0)
FN:22,(anonymous_1)
FN:33,(anonymous_2)
FN:39,(anonymous_3)
FNF:4
FNH:4
FNDA:41,(anonymous_0)
FNDA:11,(anonymous_1)
FNDA:99,(anonymous_2)
FNDA:11,(anonymous_3)
DA:18,2
DA:19,41
DA:20,41
DA:22,41
DA:23,11
DA:24,11
DA:27,41
DA:34,99
DA:39,11
LF:9
LH:9
BRDA:20,0,0,41
BRDA:20,0,1,39
BRDA:38,1,0,41
BRDA:38,1,1,58
BRF:4
BRH:4
end_of_record
TN:
SF:src\components\TitleRow\TitleRow.tsx
FN:15,(anonymous_0)
FNF:1
FNH:1
FNDA:26,(anonymous_0)
DA:15,2
DA:16,26
DA:17,26
DA:20,26
DA:28,26
LF:5
LH:5
BRDA:28,0,0,0
BRDA:28,0,1,26
BRF:2
BRH:1
end_of_record
TN:
SF:src\components\Tooltip\Tooltip.tsx
FN:13,(anonymous_0)
FN:21,(anonymous_1)
FN:47,(anonymous_2)
FN:52,(anonymous_3)
FNF:4
FNH:1
FNDA:92,(anonymous_0)
FNDA:0,(anonymous_1)
FNDA:0,(anonymous_2)
FNDA:0,(anonymous_3)
DA:10,8
DA:11,8
DA:13,8
DA:14,92
DA:15,92
DA:16,92
DA:17,92
DA:18,92
DA:19,92
DA:21,92
DA:22,0
DA:23,0
DA:24,0
DA:26,0
DA:27,0
DA:28,0
DA:31,0
DA:32,0
DA:34,0
DA:37,0
DA:43,0
DA:44,0
DA:47,92
DA:48,0
DA:49,0
DA:52,92
DA:53,0
DA:54,0
DA:57,92
DA:61,92
LF:30
LH:14
BRDA:13,0,0,91
BRDA:24,1,0,0
BRDA:24,1,1,0
BRDA:24,2,0,0
BRDA:24,2,1,0
BRDA:34,3,0,0
BRDA:34,3,1,0
BRDA:57,4,0,92
BRDA:57,4,1,0
BRDA:57,5,0,92
BRDA:57,5,1,0
BRF:11
BRH:3
end_of_record
TN:
SF:src\context\AuthContext.tsx
FN:38,(anonymous_0)
FN:43,(anonymous_1)
FN:51,(anonymous_2)
FN:52,(anonymous_3)
FN:53,(anonymous_4)
FN:56,(anonymous_5)
FN:67,(anonymous_6)
FN:80,(anonymous_7)
FN:84,(anonymous_8)
FN:88,(anonymous_9)
FN:101,(anonymous_10)
FNF:11
FNH:8
FNDA:12,(anonymous_0)
FNDA:5,(anonymous_1)
FNDA:2,(anonymous_2)
FNDA:1,(anonymous_3)
FNDA:3,(anonymous_4)
FNDA:1,(anonymous_5)
FNDA:0,(anonymous_6)
FNDA:0,(anonymous_7)
FNDA:1,(anonymous_8)
FNDA:0,(anonymous_9)
FNDA:16,(anonymous_10)
DA:4,1
DA:36,1
DA:38,1
DA:39,12
DA:40,12
DA:43,12
DA:44,5
DA:45,5
DA:46,2
DA:47,2
DA:49,3
DA:51,2
DA:52,1
DA:53,3
DA:56,12
DA:57,1
DA:61,1
DA:62,1
DA:63,1
DA:66,12
DA:68,0
DA:73,0
DA:74,0
DA:75,0
DA:80,12
DA:81,0
DA:84,12
DA:85,1
DA:86,1
DA:89,1
DA:90,1
DA:93,12
DA:101,1
DA:102,16
DA:103,16
DA:104,12
LF:36
LH:31
BRDA:4,0,0,1
BRDA:4,0,1,1
BRDA:45,1,0,2
BRDA:45,1,1,3
BRDA:103,2,0,4
BRDA:103,2,1,12
BRF:6
BRH:6
end_of_record
TN:
SF:src\context\TitleRowContext.ts
FN:9,(anonymous_0)
FNF:1
FNH:1
FNDA:26,(anonymous_0)
DA:7,2
DA:9,26
LF:2
LH:2
BRF:0
BRH:0
end_of_record
TN:
SF:src\hooks\useLeagues.ts
FN:25,(anonymous_0)
FN:30,(anonymous_1)
FN:33,(anonymous_2)
FN:38,(anonymous_3)
FN:53,(anonymous_4)
FN:56,(anonymous_5)
FN:59,(anonymous_6)
FN:73,(anonymous_7)
FN:85,(anonymous_8)
FN:100,(anonymous_9)
FNF:10
FNH:10
FNDA:16,(anonymous_0)
FNDA:2,(anonymous_1)
FNDA:17,(anonymous_2)
FNDA:10,(anonymous_3)
FNDA:7,(anonymous_4)
FNDA:7,(anonymous_5)
FNDA:2,(anonymous_6)
FNDA:2,(anonymous_7)
FNDA:1,(anonymous_8)
FNDA:1,(anonymous_9)
DA:5,1
DA:25,1
DA:26,16
DA:27,16
DA:30,1
DA:31,2
DA:33,1
DA:34,17
DA:35,17
DA:36,17
DA:38,17
DA:39,10
DA:40,10
DA:44,10
DA:45,10
DA:47,0
DA:48,0
DA:49,0
DA:53,17
DA:54,7
DA:55,7
DA:56,7
DA:59,17
DA:60,2
DA:61,2
DA:62,2
DA:63,2
DA:66,1
DA:68,1
DA:69,1
DA:73,17
DA:74,2
DA:75,2
DA:76,1
DA:77,1
DA:78,1
DA:80,1
DA:81,1
DA:85,17
DA:86,1
DA:87,1
DA:88,1
DA:89,1
DA:90,1
DA:91,1
DA:93,0
DA:94,0
DA:96,1
DA:100,17
DA:101,1
DA:102,1
DA:103,1
DA:104,1
DA:105,1
DA:107,0
DA:109,1
DA:113,17
LF:57
LH:51
BRDA:5,0,0,1
BRDA:5,0,1,1
BRDA:31,1,0,2
BRDA:31,1,1,0
BRDA:47,2,0,0
BRDA:47,2,1,0
BRF:6
BRH:3
end_of_record
TN:
SF:src\hooks\useSeasons.ts
FN:25,(anonymous_0)
FN:30,(anonymous_1)
FN:33,(anonymous_2)
FN:38,(anonymous_3)
FN:53,(anonymous_4)
FN:56,(anonymous_5)
FN:59,(anonymous_6)
FN:71,(anonymous_7)
FN:86,(anonymous_8)
FNF:9
FNH:9
FNDA:20,(anonymous_0)
FNDA:4,(anonymous_1)
FNDA:26,(anonymous_2)
FNDA:13,(anonymous_3)
FNDA:9,(anonymous_4)
FNDA:9,(anonymous_5)
FNDA:2,(anonymous_6)
FNDA:3,(anonymous_7)
FNDA:2,(anonymous_8)
DA:5,1
DA:25,1
DA:26,20
DA:27,20
DA:30,1
DA:31,4
DA:33,1
DA:34,26
DA:35,26
DA:36,26
DA:38,26
DA:39,13
DA:40,13
DA:44,12
DA:45,12
DA:47,1
DA:48,1
DA:49,1
DA:53,26
DA:54,9
DA:55,9
DA:56,9
DA:59,26
DA:60,2
DA:61,2
DA:62,1
DA:63,1
DA:64,1
DA:66,1
DA:67,1
DA:71,26
DA:72,3
DA:73,3
DA:74,3
DA:75,2
DA:76,2
DA:77,2
DA:79,1
DA:80,1
DA:82,3
DA:86,26
DA:87,2
DA:88,2
DA:89,2
DA:90,1
DA:91,1
DA:93,1
DA:95,2
DA:99,26
LF:49
LH:49
BRDA:5,0,0,1
BRDA:5,0,1,1
BRDA:31,1,0,4
BRDA:31,1,1,0
BRDA:47,2,0,0
BRDA:47,2,1,1
BRF:6
BRH:4
end_of_record
TN:
SF:src\hooks\useTeams.ts
FN:27,(anonymous_0)
FN:32,(anonymous_1)
FN:35,(anonymous_2)
FN:40,(anonymous_3)
FN:55,(anonymous_4)
FN:58,(anonymous_5)
FN:61,(anonymous_6)
FN:75,(anonymous_7)
FN:87,(anonymous_8)
FN:102,(anonymous_9)
FNF:10
FNH:10
FNDA:21,(anonymous_0)
FNDA:5,(anonymous_1)
FNDA:25,(anonymous_2)
FNDA:13,(anonymous_3)
FNDA:10,(anonymous_4)
FNDA:10,(anonymous_5)
FNDA:2,(anonymous_6)
FNDA:2,(anonymous_7)
FNDA:2,(anonymous_8)
FNDA:2,(anonymous_9)
DA:5,1
DA:27,1
DA:28,21
DA:29,21
DA:32,1
DA:33,5
DA:35,1
DA:36,25
DA:37,25
DA:38,25
DA:40,25
DA:41,13
DA:42,13
DA:46,12
DA:47,12
DA:49,1
DA:50,1
DA:51,1
DA:55,25
DA:56,10
DA:57,10
DA:58,10
DA:61,25
DA:62,2
DA:63,2
DA:64,2
DA:65,2
DA:68,1
DA:70,1
DA:71,1
DA:75,25
DA:76,2
DA:77,2
DA:78,1
DA:79,1
DA:80,1
DA:82,1
DA:83,1
DA:87,25
DA:88,2
DA:89,2
DA:90,2
DA:91,1
DA:92,1
DA:93,1
DA:95,1
DA:96,1
DA:98,2
DA:102,25
DA:103,2
DA:104,2
DA:105,2
DA:106,1
DA:107,1
DA:109,1
DA:111,2
DA:115,25
LF:57
LH:57
BRDA:5,0,0,1
BRDA:5,0,1,1
BRDA:33,1,0,5
BRDA:33,1,1,0
BRDA:49,2,0,0
BRDA:49,2,1,1
BRF:6
BRH:4
end_of_record
TN:
SF:src\hooks\useUsers.ts
FN:8,(anonymous_0)
FN:13,(anonymous_1)
FN:16,(anonymous_2)
FN:21,(anonymous_3)
FN:36,(anonymous_4)
FN:39,(anonymous_5)
FN:42,(anonymous_6)
FN:54,(anonymous_7)
FNF:8
FNH:8
FNDA:11,(anonymous_0)
FNDA:2,(anonymous_1)
FNDA:14,(anonymous_2)
FNDA:7,(anonymous_3)
FNDA:5,(anonymous_4)
FNDA:5,(anonymous_5)
FNDA:2,(anonymous_6)
FNDA:2,(anonymous_7)
DA:6,1
DA:8,1
DA:9,11
DA:10,11
DA:13,1
DA:14,2
DA:16,1
DA:17,14
DA:18,14
DA:19,14
DA:21,14
DA:22,7
DA:23,7
DA:27,7
DA:28,7
DA:30,0
DA:31,0
DA:32,0
DA:36,14
DA:37,5
DA:38,5
DA:39,5
DA:42,14
DA:43,2
DA:44,2
DA:45,2
DA:46,1
DA:48,1
DA:50,2
DA:54,14
DA:55,2
DA:56,2
DA:57,2
DA:58,1
DA:60,1
DA:62,2
DA:66,14
LF:37
LH:34
BRDA:6,0,0,1
BRDA:6,0,1,1
BRDA:14,1,0,2
BRDA:14,1,1,0
BRDA:30,2,0,0
BRDA:30,2,1,0
BRF:6
BRH:3
end_of_record
TN:
SF:src\pages\admin\leagues\LeagueDetails.tsx
FN:21,(anonymous_0)
FN:91,(anonymous_1)
FN:113,(anonymous_2)
FN:120,(anonymous_3)
FN:124,(anonymous_4)
FN:128,(anonymous_5)
FN:149,(anonymous_6)
FN:154,(anonymous_7)
FN:159,(anonymous_8)
FN:160,(anonymous_9)
FN:165,(anonymous_10)
FN:166,(anonymous_11)
FN:183,(anonymous_12)
FN:184,(anonymous_13)
FN:194,(anonymous_14)
FN:195,(anonymous_15)
FN:209,(anonymous_16)
FN:214,(anonymous_17)
FN:217,(anonymous_18)
FN:230,(anonymous_19)
FN:234,(anonymous_20)
FN:250,(anonymous_21)
FNF:22
FNH:2
FNDA:23,(anonymous_0)
FNDA:1,(anonymous_1)
FNDA:0,(anonymous_2)
FNDA:0,(anonymous_3)
FNDA:0,(anonymous_4)
FNDA:0,(anonymous_5)
FNDA:0,(anonymous_6)
FNDA:0,(anonymous_7)
FNDA:0,(anonymous_8)
FNDA:0,(anonymous_9)
FNDA:0,(anonymous_10)
FNDA:0,(anonymous_11)
FNDA:0,(anonymous_12)
FNDA:0,(anonymous_13)
FNDA:0,(anonymous_14)
FNDA:0,(anonymous_15)
FNDA:0,(anonymous_16)
FNDA:0,(anonymous_17)
FNDA:0,(anonymous_18)
FNDA:0,(anonymous_19)
FNDA:0,(anonymous_20)
FNDA:0,(anonymous_21)
DA:21,1
DA:22,23
DA:23,23
DA:39,23
DA:48,23
DA:49,23
DA:51,23
DA:53,23
DA:54,23
DA:55,23
DA:57,23
DA:58,23
DA:59,23
DA:60,23
DA:62,23
DA:63,2
DA:71,21
DA:72,2
DA:82,19
DA:91,1
DA:113,0
DA:121,0
DA:122,0
DA:125,0
DA:126,0
DA:129,0
DA:130,0
DA:150,0
DA:151,0
DA:152,0
DA:155,0
DA:156,0
DA:157,0
DA:160,0
DA:161,0
DA:162,0
DA:163,0
DA:165,0
DA:166,0
DA:183,0
DA:185,0
DA:186,0
DA:187,0
DA:194,0
DA:195,0
DA:210,0
DA:211,0
DA:212,0
DA:215,0
DA:216,0
DA:217,0
DA:218,0
DA:220,0
DA:231,0
DA:232,0
DA:235,0
DA:236,0
DA:237,0
DA:251,0
DA:252,0
LF:60
LH:20
BRDA:62,0,0,2
BRDA:62,0,1,21
BRDA:71,1,0,2
BRDA:71,1,1,19
BRDA:160,2,0,0
BRDA:160,2,1,0
BRDA:185,3,0,0
BRDA:185,3,1,0
BRDA:204,4,0,19
BRDA:204,4,1,0
BRDA:216,5,0,0
BRDA:216,5,1,0
BRDA:216,6,0,0
BRDA:216,6,1,0
BRDA:245,7,0,19
BRDA:245,7,1,0
BRF:16
BRH:6
end_of_record
TN:
SF:src\pages\admin\leagues\LeagueGroupsCard.tsx
FN:21,(anonymous_0)
FN:35,(anonymous_1)
FN:48,(anonymous_2)
FN:52,(anonymous_3)
FN:102,(anonymous_4)
FN:138,(anonymous_5)
FN:139,(anonymous_6)
FN:161,(anonymous_7)
FN:161,(anonymous_8)
FN:180,(anonymous_9)
FN:190,(anonymous_10)
FN:199,(anonymous_11)
FN:212,(anonymous_12)
FN:221,(anonymous_13)
FN:244,(anonymous_14)
FN:252,(anonymous_15)
FN:260,(anonymous_16)
FN:281,(anonymous_17)
FN:282,(anonymous_18)
FN:293,(anonymous_19)
FN:329,(anonymous_20)
FN:350,(anonymous_21)
FN:351,(anonymous_22)
FN:353,(anonymous_23)
FN:353,(anonymous_24)
FN:354,(anonymous_25)
FN:356,(anonymous_26)
FN:364,(anonymous_27)
FN:376,(anonymous_28)
FN:386,(anonymous_29)
FN:393,(anonymous_30)
FN:394,(anonymous_31)
FN:436,(anonymous_32)
FN:459,(anonymous_33)
FN:467,(anonymous_34)
FN:475,(anonymous_35)
FN:497,(anonymous_36)
FN:498,(anonymous_37)
FNF:38
FNH:9
FNDA:0,(anonymous_0)
FNDA:0,(anonymous_1)
FNDA:0,(anonymous_2)
FNDA:0,(anonymous_3)
FNDA:2,(anonymous_4)
FNDA:4,(anonymous_5)
FNDA:0,(anonymous_6)
FNDA:0,(anonymous_7)
FNDA:0,(anonymous_8)
FNDA:0,(anonymous_9)
FNDA:0,(anonymous_10)
FNDA:0,(anonymous_11)
FNDA:0,(anonymous_12)
FNDA:0,(anonymous_13)
FNDA:0,(anonymous_14)
FNDA:0,(anonymous_15)
FNDA:0,(anonymous_16)
FNDA:0,(anonymous_17)
FNDA:0,(anonymous_18)
FNDA:0,(anonymous_19)
FNDA:5,(anonymous_20)
FNDA:2,(anonymous_21)
FNDA:1,(anonymous_22)
FNDA:2,(anonymous_23)
FNDA:0,(anonymous_24)
FNDA:2,(anonymous_25)
FNDA:0,(anonymous_26)
FNDA:0,(anonymous_27)
FNDA:0,(anonymous_28)
FNDA:2,(anonymous_29)
FNDA:0,(anonymous_30)
FNDA:0,(anonymous_31)
FNDA:2,(anonymous_32)
FNDA:0,(anonymous_33)
FNDA:0,(anonymous_34)
FNDA:0,(anonymous_35)
FNDA:0,(anonymous_36)
FNDA:0,(anonymous_37)
DA:21,1
DA:32,0
DA:33,0
DA:35,0
DA:36,0
DA:37,0
DA:38,0
DA:39,0
DA:40,0
DA:43,0
DA:48,0
DA:53,0
DA:54,0
DA:102,1
DA:133,2
DA:134,2
DA:135,2
DA:137,2
DA:138,4
DA:139,0
DA:141,2
DA:142,2
DA:143,2
DA:145,2
DA:161,0
DA:180,0
DA:190,0
DA:199,0
DA:212,0
DA:222,0
DA:244,0
DA:252,0
DA:260,0
DA:281,0
DA:283,0
DA:284,0
DA:285,0
DA:286,0
DA:287,0
DA:294,0
DA:329,1
DA:345,5
DA:346,5
DA:347,5
DA:349,5
DA:350,2
DA:351,1
DA:353,5
DA:354,5
DA:356,5
DA:357,0
DA:359,0
DA:362,0
DA:364,5
DA:366,5
DA:368,5
DA:376,0
DA:387,2
DA:393,0
DA:394,0
DA:437,2
DA:459,0
DA:467,0
DA:475,0
DA:497,0
DA:499,0
DA:500,0
DA:501,0
DA:502,0
DA:503,0
LF:70
LH:26
BRDA:22,0,0,0
BRDA:23,1,0,0
BRDA:37,2,0,0
BRDA:37,2,1,0
BRDA:37,3,0,0
BRDA:37,3,1,0
BRDA:53,4,0,0
BRDA:53,4,1,0
BRDA:54,5,0,0
BRDA:54,5,1,0
BRDA:60,6,0,0
BRDA:60,6,1,0
BRDA:116,7,0,2
BRDA:139,8,0,0
BRDA:139,8,1,0
BRDA:141,9,0,2
BRDA:141,9,1,0
BRDA:142,10,0,2
BRDA:142,10,1,0
BRDA:147,11,0,0
BRDA:147,11,1,2
BRDA:151,12,0,0
BRDA:151,12,1,2
BRDA:158,13,0,0
BRDA:158,13,1,2
BRDA:162,14,0,2
BRDA:162,14,1,0
BRDA:168,15,0,2
BRDA:168,15,1,0
BRDA:173,16,0,2
BRDA:173,16,1,2
BRDA:173,16,2,2
BRDA:173,16,3,2
BRDA:205,17,0,2
BRDA:205,17,1,2
BRDA:205,17,2,2
BRDA:205,17,3,2
BRDA:205,17,4,2
BRDA:219,18,0,2
BRDA:219,18,1,2
BRDA:219,18,2,0
BRDA:219,18,3,0
BRDA:226,19,0,0
BRDA:226,19,1,0
BRDA:277,20,0,0
BRDA:277,20,1,2
BRDA:283,21,0,0
BRDA:283,21,1,0
BRDA:291,22,0,2
BRDA:291,22,1,2
BRDA:291,22,2,2
BRDA:291,22,3,0
BRDA:312,23,0,0
BRDA:312,23,1,0
BRDA:351,24,0,1
BRDA:351,24,1,0
BRDA:357,25,0,0
BRDA:357,25,1,0
BRDA:359,26,0,0
BRDA:359,26,1,0
BRDA:362,27,0,0
BRDA:362,27,1,0
BRDA:366,28,0,5
BRDA:366,28,1,0
BRDA:382,29,0,0
BRDA:382,29,1,5
BRDA:404,30,0,5
BRDA:404,30,1,0
BRDA:413,31,0,5
BRDA:413,31,1,5
BRDA:413,31,2,4
BRDA:413,31,3,3
BRDA:432,32,0,5
BRDA:432,32,1,5
BRDA:432,32,2,1
BRDA:434,33,0,1
BRDA:434,33,1,0
BRDA:441,34,0,0
BRDA:441,34,1,2
BRDA:493,35,0,0
BRDA:493,35,1,5
BRDA:499,36,0,0
BRDA:499,36,1,0
BRF:83
BRH:37
end_of_record
TN:
SF:src\pages\admin\leagues\LeagueInfoCard.tsx
FN:20,(anonymous_0)
FN:28,(anonymous_1)
FN:55,(anonymous_2)
FN:115,(anonymous_3)
FN:130,(anonymous_4)
FN:139,(anonymous_5)
FN:142,(anonymous_6)
FNF:7
FNH:1
FNDA:19,(anonymous_0)
FNDA:0,(anonymous_1)
FNDA:0,(anonymous_2)
FNDA:0,(anonymous_3)
FNDA:0,(anonymous_4)
FNDA:0,(anonymous_5)
FNDA:0,(anonymous_6)
DA:20,1
DA:21,19
DA:22,19
DA:23,19
DA:24,19
DA:26,19
DA:28,19
DA:29,0
DA:30,0
DA:31,0
DA:32,0
DA:33,0
DA:36,19
DA:55,0
DA:116,0
DA:117,0
DA:118,0
DA:119,0
DA:120,0
DA:130,0
DA:139,0
DA:143,0
DA:144,0
DA:145,0
LF:24
LH:8
BRDA:30,0,0,0
BRDA:30,0,1,0
BRDA:33,1,0,0
BRDA:33,1,1,0
BRDA:40,2,0,1
BRDA:40,2,1,18
BRDA:50,3,0,0
BRDA:50,3,1,19
BRDA:99,4,0,0
BRDA:99,4,1,19
BRDA:111,5,0,0
BRDA:111,5,1,0
BRDA:112,6,0,0
BRDA:112,6,1,0
BRDA:113,7,0,0
BRDA:113,7,1,0
BRDA:117,8,0,0
BRDA:117,8,1,0
BRDA:120,9,0,0
BRDA:120,9,1,0
BRDA:123,10,0,0
BRDA:123,10,1,0
BRDA:139,11,0,0
BRDA:139,11,1,0
BRDA:143,12,0,0
BRDA:143,12,1,0
BRDA:143,13,0,0
BRDA:143,13,1,0
BRDA:144,14,0,0
BRDA:144,14,1,0
BRDA:149,15,0,0
BRDA:149,15,1,19
BRDA:149,16,0,19
BRDA:149,16,1,0
BRF:34
BRH:6
end_of_record
TN:
SF:src\pages\admin\leagues\LeagueSeasonsCard.tsx
FN:16,(anonymous_0)
FN:26,(anonymous_1)
FN:54,(anonymous_2)
FN:73,(anonymous_3)
FN:82,(anonymous_4)
FNF:5
FNH:3
FNDA:2,(anonymous_0)
FNDA:19,(anonymous_1)
FNDA:1,(anonymous_2)
FNDA:0,(anonymous_3)
FNDA:0,(anonymous_4)
DA:16,1
DA:17,2
DA:26,1
DA:35,19
DA:55,1
DA:73,0
DA:82,0
LF:7
LH:5
BRDA:17,0,0,2
BRDA:17,0,1,0
BRDA:48,1,0,0
BRDA:48,1,1,19
BRDA:50,2,0,18
BRDA:50,2,1,1
BRDA:53,3,0,0
BRDA:53,3,1,1
BRDA:61,4,0,1
BRDA:61,4,1,0
BRDA:61,5,0,1
BRDA:61,5,1,0
BRF:12
BRH:7
end_of_record
TN:
SF:src\pages\login\Login.tsx
FN:12,(anonymous_0)
FN:20,(anonymous_1)
FN:21,(anonymous_2)
FN:24,(anonymous_3)
FN:85,(anonymous_4)
FN:85,(anonymous_5)
FNF:6
FNH:3
FNDA:7,(anonymous_0)
FNDA:0,(anonymous_1)
FNDA:0,(anonymous_2)
FNDA:0,(anonymous_3)
FNDA:3,(anonymous_4)
FNDA:3,(anonymous_5)
DA:12,1
DA:13,7
DA:14,7
DA:16,7
DA:17,7
DA:18,7
DA:20,7
DA:21,0
DA:24,7
DA:25,0
DA:26,0
DA:27,0
DA:28,0
DA:29,0
DA:31,0
DA:32,0
DA:34,0
DA:38,7
DA:85,3
LF:19
LH:10
BRDA:32,0,0,0
BRDA:32,0,1,0
BRDA:75,1,0,2
BRDA:75,1,1,5
BRDA:87,2,0,2
BRDA:87,2,1,5
BRDA:89,3,0,2
BRDA:89,3,1,5
BRDA:99,4,0,0
BRDA:99,4,1,7
BRF:10
BRH:7
end_of_record
TN:
SF:src\pages\signup\Signup.tsx
FN:12,(anonymous_0)
FN:21,(anonymous_1)
FN:22,(anonymous_2)
FN:25,(anonymous_3)
FN:109,(anonymous_4)
FN:109,(anonymous_5)
FN:133,(anonymous_6)
FN:133,(anonymous_7)
FNF:8
FNH:5
FNDA:13,(anonymous_0)
FNDA:0,(anonymous_1)
FNDA:0,(anonymous_2)
FNDA:0,(anonymous_3)
FNDA:4,(anonymous_4)
FNDA:4,(anonymous_5)
FNDA:2,(anonymous_6)
FNDA:2,(anonymous_7)
DA:12,1
DA:13,13
DA:14,13
DA:16,13
DA:17,13
DA:18,13
DA:19,13
DA:21,13
DA:22,0
DA:25,13
DA:26,0
DA:28,0
DA:29,0
DA:30,0
DA:32,0
DA:33,0
DA:34,0
DA:37,0
DA:38,0
DA:39,0
DA:40,0
DA:42,0
DA:43,0
DA:45,0
DA:49,13
DA:109,4
DA:133,2
LF:27
LH:12
BRDA:28,0,0,0
BRDA:28,0,1,0
BRDA:32,1,0,0
BRDA:32,1,1,0
BRDA:43,2,0,0
BRDA:43,2,1,0
BRDA:99,3,0,3
BRDA:99,3,1,10
BRDA:111,4,0,3
BRDA:111,4,1,10
BRDA:113,5,0,3
BRDA:113,5,1,10
BRDA:123,6,0,2
BRDA:123,6,1,11
BRDA:135,7,0,2
BRDA:135,7,1,11
BRDA:137,8,0,2
BRDA:137,8,1,11
BRDA:147,9,0,0
BRDA:147,9,1,13
BRF:20
BRH:13
end_of_record
